23:45:07 ASSIGN: 1, pages: [(1,6), (2,14), (3,15), (4,16), (5,17), (6,18), (7,19), (8,20), (9,21), ]
23:45:10 DISIGN: 1, pages: [(1,6), (2,14), (3,15), (4,16), (5,17), (6,18), (7,19), (8,20), (9,21), ]
23:45:12 ASSIGN: 2, pages: [(1,6), (2,14), (3,15), (4,16), (5,17), (6,18), (7,19), ]
23:45:16 DISIGN: 2, pages: [(1,6), (2,14), (3,15), (4,16), (5,17), (6,18), (7,19), ]
23:45:21 ASSIGN: 3, pages: [(1,6), (2,14), (3,15), (4,16), (5,17), (6,18), ]
23:45:26 DISIGN: 3, pages: [(1,6), (2,14), (3,15), (4,16), (5,17), (6,18), ]
23:45:30 ASSIGN: 4, pages: [(1,6), (2,14), (3,15), (4,16), (5,17), (6,18), (7,19), (8,20), (9,21), ]
23:45:32 DISIGN: 4, pages: [(1,6), (2,14), (3,15), (4,16), (5,17), (6,18), (7,19), (8,20), (9,21), ]
23:45:38 ASSIGN: 5, pages: [(1,6), (2,14), (3,15), (4,16), (5,17), (6,18), (7,19), (8,20), (9,21), ]
23:45:41 DISIGN: 5, pages: [(1,6), (2,14), (3,15), (4,16), (5,17), (6,18), (7,19), (8,20), (9,21), ]
23:45:45 ASSIGN: 6, pages: [(1,6), (2,14), (3,15), (4,16), (5,17), (6,18), ]
23:45:47 DISIGN: 6, pages: [(1,6), (2,14), (3,15), (4,16), (5,17), (6,18), ]
23:45:53 ASSIGN: 7, pages: [(1,6), (2,14), (3,15), (4,16), (5,17), (6,18), ]
23:45:55 DISIGN: 7, pages: [(1,6), (2,14), (3,15), (4,16), (5,17), (6,18), ]
23:46:01 ASSIGN: 8, pages: [(1,6), (2,14), (3,15), (4,16), (5,17), ]
23:46:03 DISIGN: 8, pages: [(1,6), (2,14), (3,15), (4,16), (5,17), ]
23:46:07 ASSIGN: 9, pages: [(1,6), (2,14), (3,15), (4,16), (5,17), (6,18), (7,19), (8,20), ]
23:46:11 DISIGN: 9, pages: [(1,6), (2,14), (3,15), (4,16), (5,17), (6,18), (7,19), (8,20), ]
23:46:14 ASSIGN: 10, pages: [(1,6), (2,14), (3,15), (4,16), (5,17), (6,18), (7,19), (8,20), ]
23:46:17 DISIGN: 10, pages: [(1,6), (2,14), (3,15), (4,16), (5,17), (6,18), (7,19), (8,20), ]
23:46:20 ASSIGN: 11, pages: [(1,6), (2,14), (3,15), (4,16), (5,17), ]
23:46:23 DISIGN: 11, pages: [(1,6), (2,14), (3,15), (4,16), (5,17), ]
23:46:26 ASSIGN: 12, pages: [(1,6), (2,14), (3,15), (4,16), (5,17), (6,18), (7,19), ]
23:46:31 DISIGN: 12, pages: [(1,6), (2,14), (3,15), (4,16), (5,17), (6,18), (7,19), ]
23:46:33 ASSIGN: 13, pages: [(1,6), (2,14), (3,15), (4,16), (5,17), (6,18), (7,19), (8,20), (9,21), ]
23:46:37 DISIGN: 13, pages: [(1,6), (2,14), (3,15), (4,16), (5,17), (6,18), (7,19), (8,20), (9,21), ]
23:46:38 ASSIGN: 14, pages: [(1,6), (2,14), (3,15), (4,16), (5,17), (6,18), (7,19), ]
23:46:42 DISIGN: 14, pages: [(1,6), (2,14), (3,15), (4,16), (5,17), (6,18), (7,19), ]
23:46:47 ASSIGN: 15, pages: [(1,6), (2,14), (3,15), (4,16), (5,17), (6,18), ]
23:46:50 DISIGN: 15, pages: [(1,6), (2,14), (3,15), (4,16), (5,17), (6,18), ]
23:46:52 ASSIGN: 16, pages: [(1,6), (2,14), (3,15), (4,16), (5,17), (6,18), (7,19), ]
23:46:56 DISIGN: 16, pages: [(1,6), (2,14), (3,15), (4,16), (5,17), (6,18), (7,19), ]
23:46:57 ASSIGN: 17, pages: [(1,6), (2,14), (3,15), (4,16), (5,17), (6,18), (7,19), (8,20), ]
23:47:02 ASSIGN: 18, pages: [(1,21), (2,22), (3,23), (4,24), (5,25), (6,26), ]
23:47:02 DISIGN: 17, pages: [(1,6), (2,14), (3,15), (4,16), (5,17), (6,18), (7,19), (8,20), ]
23:47:06 DISIGN: 18, pages: [(1,21), (2,22), (3,23), (4,24), (5,25), (6,26), ]
23:47:07 ASSIGN: 19, pages: [(1,6), (2,14), (3,15), (4,16), (5,17), (6,18), ]
23:47:10 DISIGN: 19, pages: [(1,6), (2,14), (3,15), (4,16), (5,17), (6,18), ]
23:47:14 ASSIGN: 20, pages: [(1,6), (2,14), (3,15), (4,16), (5,17), (6,18), ]
23:47:16 DISIGN: 20, pages: [(1,6), (2,14), (3,15), (4,16), (5,17), (6,18), ]
23:47:20 ASSIGN: 21, pages: [(1,6), (2,14), (3,15), (4,16), (5,17), (6,18), ]
23:47:23 DISIGN: 21, pages: [(1,6), (2,14), (3,15), (4,16), (5,17), (6,18), ]
23:47:27 ASSIGN: 22, pages: [(1,6), (2,14), (3,15), (4,16), (5,17), (6,18), (7,19), (8,20), (9,21), ]
23:47:30 DISIGN: 22, pages: [(1,6), (2,14), (3,15), (4,16), (5,17), (6,18), (7,19), (8,20), (9,21), ]
23:47:32 ASSIGN: 23, pages: [(1,6), (2,14), (3,15), (4,16), (5,17), (6,18), (7,19), (8,20), (9,21), ]
23:47:35 DISIGN: 23, pages: [(1,6), (2,14), (3,15), (4,16), (5,17), (6,18), (7,19), (8,20), (9,21), ]
23:47:41 ASSIGN: 24, pages: [(1,6), (2,14), (3,15), (4,16), (5,17), (6,18), (7,19), ]
23:47:43 DISIGN: 24, pages: [(1,6), (2,14), (3,15), (4,16), (5,17), (6,18), (7,19), ]
23:47:49 ASSIGN: 25, pages: [(1,6), (2,14), (3,15), (4,16), (5,17), (6,18), (7,19), (8,20), ]
23:47:53 DISIGN: 25, pages: [(1,6), (2,14), (3,15), (4,16), (5,17), (6,18), (7,19), (8,20), ]
23:47:54 ASSIGN: 26, pages: [(1,6), (2,14), (3,15), (4,16), (5,17), (6,18), (7,19), (8,20), (9,21), ]
23:47:56 DISIGN: 26, pages: [(1,6), (2,14), (3,15), (4,16), (5,17), (6,18), (7,19), (8,20), (9,21), ]
23:48:03 ASSIGN: 27, pages: [(1,6), (2,14), (3,15), (4,16), (5,17), (6,18), (7,19), (8,20), (9,21), ]
23:48:08 ASSIGN: 28, pages: [(1,22), (2,23), (3,24), (4,25), (5,26), (6,27), (7,28), (8,29), ]
23:48:08 DISIGN: 27, pages: [(1,6), (2,14), (3,15), (4,16), (5,17), (6,18), (7,19), (8,20), (9,21), ]
23:48:10 DISIGN: 28, pages: [(1,22), (2,23), (3,24), (4,25), (5,26), (6,27), (7,28), (8,29), ]
23:48:15 ASSIGN: 29, pages: [(1,6), (2,14), (3,15), (4,16), (5,17), (6,18), ]
23:48:18 DISIGN: 29, pages: [(1,6), (2,14), (3,15), (4,16), (5,17), (6,18), ]
23:48:24 ASSIGN: 30, pages: [(1,6), (2,14), (3,15), (4,16), (5,17), (6,18), (7,19), (8,20), ]
23:48:27 DISIGN: 30, pages: [(1,6), (2,14), (3,15), (4,16), (5,17), (6,18), (7,19), (8,20), ]
23:48:30 ASSIGN: 31, pages: [(1,6), (2,14), (3,15), (4,16), (5,17), ]
23:48:33 DISIGN: 31, pages: [(1,6), (2,14), (3,15), (4,16), (5,17), ]
23:48:37 ASSIGN: 32, pages: [(1,6), (2,14), (3,15), (4,16), (5,17), (6,18), (7,19), (8,20), ]
23:48:40 DISIGN: 32, pages: [(1,6), (2,14), (3,15), (4,16), (5,17), (6,18), (7,19), (8,20), ]
23:48:43 ASSIGN: 33, pages: [(1,6), (2,14), (3,15), (4,16), (5,17), (6,18), (7,19), (8,20), (9,21), ]
23:48:47 DISIGN: 33, pages: [(1,6), (2,14), (3,15), (4,16), (5,17), (6,18), (7,19), (8,20), (9,21), ]
23:48:48 ASSIGN: 34, pages: [(1,6), (2,14), (3,15), (4,16), (5,17), (6,18), ]
23:48:51 DISIGN: 34, pages: [(1,6), (2,14), (3,15), (4,16), (5,17), (6,18), ]
23:48:54 ASSIGN: 35, pages: [(1,6), (2,14), (3,15), (4,16), (5,17), ]
23:48:56 DISIGN: 35, pages: [(1,6), (2,14), (3,15), (4,16), (5,17), ]
23:49:02 ASSIGN: 36, pages: [(1,6), (2,14), (3,15), (4,16), (5,17), ]
23:49:05 DISIGN: 36, pages: [(1,6), (2,14), (3,15), (4,16), (5,17), ]
23:49:09 ASSIGN: 37, pages: [(1,6), (2,14), (3,15), (4,16), (5,17), ]
23:49:12 DISIGN: 37, pages: [(1,6), (2,14), (3,15), (4,16), (5,17), ]
23:49:16 ASSIGN: 38, pages: [(1,6), (2,14), (3,15), (4,16), (5,17), ]
23:49:20 DISIGN: 38, pages: [(1,6), (2,14), (3,15), (4,16), (5,17), ]
23:49:21 ASSIGN: 39, pages: [(1,6), (2,14), (3,15), (4,16), (5,17), (6,18), (7,19), ]
23:49:25 DISIGN: 39, pages: [(1,6), (2,14), (3,15), (4,16), (5,17), (6,18), (7,19), ]
23:49:27 ASSIGN: 40, pages: [(1,6), (2,14), (3,15), (4,16), (5,17), (6,18), (7,19), ]
23:49:30 DISIGN: 40, pages: [(1,6), (2,14), (3,15), (4,16), (5,17), (6,18), (7,19), ]
23:49:35 ASSIGN: 41, pages: [(1,6), (2,14), (3,15), (4,16), (5,17), (6,18), (7,19), (8,20), (9,21), ]
23:49:40 DISIGN: 41, pages: [(1,6), (2,14), (3,15), (4,16), (5,17), (6,18), (7,19), (8,20), (9,21), ]
23:49:42 ASSIGN: 42, pages: [(1,6), (2,14), (3,15), (4,16), (5,17), ]
23:49:45 DISIGN: 42, pages: [(1,6), (2,14), (3,15), (4,16), (5,17), ]
23:49:51 ASSIGN: 43, pages: [(1,6), (2,14), (3,15), (4,16), (5,17), (6,18), (7,19), (8,20), ]
23:49:54 DISIGN: 43, pages: [(1,6), (2,14), (3,15), (4,16), (5,17), (6,18), (7,19), (8,20), ]
23:49:57 ASSIGN: 44, pages: [(1,6), (2,14), (3,15), (4,16), (5,17), (6,18), (7,19), ]
23:50:00 DISIGN: 44, pages: [(1,6), (2,14), (3,15), (4,16), (5,17), (6,18), (7,19), ]
23:50:02 ASSIGN: 45, pages: [(1,6), (2,14), (3,15), (4,16), (5,17), (6,18), (7,19), (8,20), (9,21), ]
23:50:06 DISIGN: 45, pages: [(1,6), (2,14), (3,15), (4,16), (5,17), (6,18), (7,19), (8,20), (9,21), ]
23:50:10 ASSIGN: 46, pages: [(1,6), (2,14), (3,15), (4,16), (5,17), (6,18), (7,19), (8,20), (9,21), ]
23:50:15 DISIGN: 46, pages: [(1,6), (2,14), (3,15), (4,16), (5,17), (6,18), (7,19), (8,20), (9,21), ]
23:50:18 ASSIGN: 47, pages: [(1,6), (2,14), (3,15), (4,16), (5,17), (6,18), (7,19), ]
23:50:20 DISIGN: 47, pages: [(1,6), (2,14), (3,15), (4,16), (5,17), (6,18), (7,19), ]
23:50:23 ASSIGN: 48, pages: [(1,6), (2,14), (3,15), (4,16), (5,17), (6,18), (7,19), ]
23:50:26 DISIGN: 48, pages: [(1,6), (2,14), (3,15), (4,16), (5,17), (6,18), (7,19), ]
23:50:31 ASSIGN: 49, pages: [(1,6), (2,14), (3,15), (4,16), (5,17), (6,18), (7,19), (8,20), (9,21), ]
23:50:36 DISIGN: 49, pages: [(1,6), (2,14), (3,15), (4,16), (5,17), (6,18), (7,19), (8,20), (9,21), ]
23:50:40 ASSIGN: 50, pages: [(1,6), (2,14), (3,15), (4,16), (5,17), (6,18), (7,19), ]
23:50:44 DISIGN: 50, pages: [(1,6), (2,14), (3,15), (4,16), (5,17), (6,18), (7,19), ]
23:50:47 ASSIGN: 51, pages: [(1,6), (2,14), (3,15), (4,16), (5,17), (6,18), (7,19), (8,20), ]
23:50:51 DISIGN: 51, pages: [(1,6), (2,14), (3,15), (4,16), (5,17), (6,18), (7,19), (8,20), ]
23:50:54 ASSIGN: 52, pages: [(1,6), (2,14), (3,15), (4,16), (5,17), ]
23:50:58 DISIGN: 52, pages: [(1,6), (2,14), (3,15), (4,16), (5,17), ]
23:50:59 ASSIGN: 53, pages: [(1,6), (2,14), (3,15), (4,16), (5,17), (6,18), (7,19), (8,20), (9,21), ]
23:51:03 DISIGN: 53, pages: [(1,6), (2,14), (3,15), (4,16), (5,17), (6,18), (7,19), (8,20), (9,21), ]
23:51:08 ASSIGN: 54, pages: [(1,6), (2,14), (3,15), (4,16), (5,17), ]
23:51:12 DISIGN: 54, pages: [(1,6), (2,14), (3,15), (4,16), (5,17), ]
23:51:14 ASSIGN: 55, pages: [(1,6), (2,14), (3,15), (4,16), (5,17), ]
23:51:17 DISIGN: 55, pages: [(1,6), (2,14), (3,15), (4,16), (5,17), ]
23:51:23 ASSIGN: 56, pages: [(1,6), (2,14), (3,15), (4,16), (5,17), (6,18), (7,19), ]
23:51:25 DISIGN: 56, pages: [(1,6), (2,14), (3,15), (4,16), (5,17), (6,18), (7,19), ]
23:51:29 ASSIGN: 57, pages: [(1,6), (2,14), (3,15), (4,16), (5,17), (6,18), (7,19), ]
23:51:32 DISIGN: 57, pages: [(1,6), (2,14), (3,15), (4,16), (5,17), (6,18), (7,19), ]
23:51:37 ASSIGN: 58, pages: [(1,6), (2,14), (3,15), (4,16), (5,17), (6,18), ]
23:51:39 DISIGN: 58, pages: [(1,6), (2,14), (3,15), (4,16), (5,17), (6,18), ]
23:51:42 ASSIGN: 59, pages: [(1,6), (2,14), (3,15), (4,16), (5,17), (6,18), (7,19), ]
23:51:45 DISIGN: 59, pages: [(1,6), (2,14), (3,15), (4,16), (5,17), (6,18), (7,19), ]
23:51:50 ASSIGN: 60, pages: [(1,6), (2,14), (3,15), (4,16), (5,17), (6,18), (7,19), (8,20), ]
23:51:55 DISIGN: 60, pages: [(1,6), (2,14), (3,15), (4,16), (5,17), (6,18), (7,19), (8,20), ]
23:51:58 ASSIGN: 61, pages: [(1,6), (2,14), (3,15), (4,16), (5,17), (6,18), (7,19), (8,20), ]
23:52:01 DISIGN: 61, pages: [(1,6), (2,14), (3,15), (4,16), (5,17), (6,18), (7,19), (8,20), ]
23:52:03 ASSIGN: 62, pages: [(1,6), (2,14), (3,15), (4,16), (5,17), (6,18), (7,19), ]
23:52:06 DISIGN: 62, pages: [(1,6), (2,14), (3,15), (4,16), (5,17), (6,18), (7,19), ]
23:52:11 ASSIGN: 63, pages: [(1,6), (2,14), (3,15), (4,16), (5,17), (6,18), (7,19), ]
23:52:13 DISIGN: 63, pages: [(1,6), (2,14), (3,15), (4,16), (5,17), (6,18), (7,19), ]
23:52:18 ASSIGN: 64, pages: [(1,6), (2,14), (3,15), (4,16), (5,17), (6,18), (7,19), (8,20), (9,21), ]
23:52:21 DISIGN: 64, pages: [(1,6), (2,14), (3,15), (4,16), (5,17), (6,18), (7,19), (8,20), (9,21), ]
23:52:25 ASSIGN: 65, pages: [(1,6), (2,14), (3,15), (4,16), (5,17), (6,18), (7,19), (8,20), ]
23:52:28 DISIGN: 65, pages: [(1,6), (2,14), (3,15), (4,16), (5,17), (6,18), (7,19), (8,20), ]
23:52:31 ASSIGN: 66, pages: [(1,6), (2,14), (3,15), (4,16), (5,17), ]
23:52:36 DISIGN: 66, pages: [(1,6), (2,14), (3,15), (4,16), (5,17), ]
23:52:38 ASSIGN: 67, pages: [(1,6), (2,14), (3,15), (4,16), (5,17), ]
23:52:43 DISIGN: 67, pages: [(1,6), (2,14), (3,15), (4,16), (5,17), ]
23:52:44 ASSIGN: 68, pages: [(1,6), (2,14), (3,15), (4,16), (5,17), (6,18), ]
23:52:48 DISIGN: 68, pages: [(1,6), (2,14), (3,15), (4,16), (5,17), (6,18), ]
23:52:50 ASSIGN: 69, pages: [(1,6), (2,14), (3,15), (4,16), (5,17), ]
23:52:54 DISIGN: 69, pages: [(1,6), (2,14), (3,15), (4,16), (5,17), ]
23:52:55 ASSIGN: 70, pages: [(1,6), (2,14), (3,15), (4,16), (5,17), (6,18), (7,19), (8,20), (9,21), ]
23:52:57 DISIGN: 70, pages: [(1,6), (2,14), (3,15), (4,16), (5,17), (6,18), (7,19), (8,20), (9,21), ]
23:53:04 ASSIGN: 71, pages: [(1,6), (2,14), (3,15), (4,16), (5,17), (6,18), (7,19), ]
23:53:08 DISIGN: 71, pages: [(1,6), (2,14), (3,15), (4,16), (5,17), (6,18), (7,19), ]
23:53:10 ASSIGN: 72, pages: [(1,6), (2,14), (3,15), (4,16), (5,17), (6,18), (7,19), (8,20), (9,21), ]
23:53:13 DISIGN: 72, pages: [(1,6), (2,14), (3,15), (4,16), (5,17), (6,18), (7,19), (8,20), (9,21), ]
23:53:18 ASSIGN: 73, pages: [(1,6), (2,14), (3,15), (4,16), (5,17), ]
23:53:22 DISIGN: 73, pages: [(1,6), (2,14), (3,15), (4,16), (5,17), ]
23:53:26 ASSIGN: 74, pages: [(1,6), (2,14), (3,15), (4,16), (5,17), ]
23:53:28 DISIGN: 74, pages: [(1,6), (2,14), (3,15), (4,16), (5,17), ]
23:53:32 ASSIGN: 75, pages: [(1,6), (2,14), (3,15), (4,16), (5,17), (6,18), (7,19), ]
23:53:36 DISIGN: 75, pages: [(1,6), (2,14), (3,15), (4,16), (5,17), (6,18), (7,19), ]
23:53:37 ASSIGN: 76, pages: [(1,6), (2,14), (3,15), (4,16), (5,17), (6,18), (7,19), ]
23:53:40 DISIGN: 76, pages: [(1,6), (2,14), (3,15), (4,16), (5,17), (6,18), (7,19), ]
23:53:43 ASSIGN: 77, pages: [(1,6), (2,14), (3,15), (4,16), (5,17), (6,18), ]
23:53:46 DISIGN: 77, pages: [(1,6), (2,14), (3,15), (4,16), (5,17), (6,18), ]
23:53:51 ASSIGN: 78, pages: [(1,6), (2,14), (3,15), (4,16), (5,17), (6,18), ]
23:53:56 DISIGN: 78, pages: [(1,6), (2,14), (3,15), (4,16), (5,17), (6,18), ]
23:53:58 ASSIGN: 79, pages: [(1,6), (2,14), (3,15), (4,16), (5,17), (6,18), (7,19), ]
23:54:03 DISIGN: 79, pages: [(1,6), (2,14), (3,15), (4,16), (5,17), (6,18), (7,19), ]
23:54:05 ASSIGN: 80, pages: [(1,6), (2,14), (3,15), (4,16), (5,17), (6,18), (7,19), (8,20), ]
23:54:07 DISIGN: 80, pages: [(1,6), (2,14), (3,15), (4,16), (5,17), (6,18), (7,19), (8,20), ]
23:54:11 ASSIGN: 81, pages: [(1,6), (2,14), (3,15), (4,16), (5,17), (6,18), (7,19), (8,20), (9,21), ]
23:54:15 DISIGN: 81, pages: [(1,6), (2,14), (3,15), (4,16), (5,17), (6,18), (7,19), (8,20), (9,21), ]
23:54:16 ASSIGN: 82, pages: [(1,6), (2,14), (3,15), (4,16), (5,17), (6,18), (7,19), (8,20), (9,21), ]
23:54:21 DISIGN: 82, pages: [(1,6), (2,14), (3,15), (4,16), (5,17), (6,18), (7,19), (8,20), (9,21), ]
23:54:22 ASSIGN: 83, pages: [(1,6), (2,14), (3,15), (4,16), (5,17), (6,18), (7,19), (8,20), ]
23:54:27 DISIGN: 83, pages: [(1,6), (2,14), (3,15), (4,16), (5,17), (6,18), (7,19), (8,20), ]
23:54:28 ASSIGN: 84, pages: [(1,6), (2,14), (3,15), (4,16), (5,17), ]
23:54:31 DISIGN: 84, pages: [(1,6), (2,14), (3,15), (4,16), (5,17), ]
23:54:34 ASSIGN: 85, pages: [(1,6), (2,14), (3,15), (4,16), (5,17), (6,18), ]
23:54:38 DISIGN: 85, pages: [(1,6), (2,14), (3,15), (4,16), (5,17), (6,18), ]
23:54:43 ASSIGN: 86, pages: [(1,6), (2,14), (3,15), (4,16), (5,17), ]
23:54:46 DISIGN: 86, pages: [(1,6), (2,14), (3,15), (4,16), (5,17), ]
23:54:50 ASSIGN: 87, pages: [(1,6), (2,14), (3,15), (4,16), (5,17), (6,18), (7,19), (8,20), ]
23:54:53 DISIGN: 87, pages: [(1,6), (2,14), (3,15), (4,16), (5,17), (6,18), (7,19), (8,20), ]
23:54:55 ASSIGN: 88, pages: [(1,6), (2,14), (3,15), (4,16), (5,17), (6,18), (7,19), (8,20), (9,21), ]
23:54:57 DISIGN: 88, pages: [(1,6), (2,14), (3,15), (4,16), (5,17), (6,18), (7,19), (8,20), (9,21), ]
23:55:04 ASSIGN: 89, pages: [(1,6), (2,14), (3,15), (4,16), (5,17), (6,18), (7,19), (8,20), ]
23:55:09 DISIGN: 89, pages: [(1,6), (2,14), (3,15), (4,16), (5,17), (6,18), (7,19), (8,20), ]
23:55:13 ASSIGN: 90, pages: [(1,6), (2,14), (3,15), (4,16), (5,17), (6,18), (7,19), (8,20), ]
23:55:18 ASSIGN: 91, pages: [(1,21), (2,22), (3,23), (4,24), (5,25), (6,26), ]
23:55:18 DISIGN: 90, pages: [(1,6), (2,14), (3,15), (4,16), (5,17), (6,18), (7,19), (8,20), ]
23:55:21 DISIGN: 91, pages: [(1,21), (2,22), (3,23), (4,24), (5,25), (6,26), ]
23:55:27 ASSIGN: 92, pages: [(1,6), (2,14), (3,15), (4,16), (5,17), (6,18), (7,19), ]
23:55:32 DISIGN: 92, pages: [(1,6), (2,14), (3,15), (4,16), (5,17), (6,18), (7,19), ]
23:55:33 ASSIGN: 93, pages: [(1,6), (2,14), (3,15), (4,16), (5,17), (6,18), (7,19), (8,20), (9,21), ]
23:55:35 DISIGN: 93, pages: [(1,6), (2,14), (3,15), (4,16), (5,17), (6,18), (7,19), (8,20), (9,21), ]
23:55:40 ASSIGN: 94, pages: [(1,6), (2,14), (3,15), (4,16), (5,17), (6,18), (7,19), (8,20), ]
23:55:45 DISIGN: 94, pages: [(1,6), (2,14), (3,15), (4,16), (5,17), (6,18), (7,19), (8,20), ]
23:55:48 ASSIGN: 95, pages: [(1,6), (2,14), (3,15), (4,16), (5,17), (6,18), (7,19), (8,20), (9,21), ]
23:55:51 DISIGN: 95, pages: [(1,6), (2,14), (3,15), (4,16), (5,17), (6,18), (7,19), (8,20), (9,21), ]
23:55:56 ASSIGN: 96, pages: [(1,6), (2,14), (3,15), (4,16), (5,17), ]
23:55:59 DISIGN: 96, pages: [(1,6), (2,14), (3,15), (4,16), (5,17), ]
23:56:02 ASSIGN: 97, pages: [(1,6), (2,14), (3,15), (4,16), (5,17), (6,18), (7,19), (8,20), (9,21), ]
23:56:07 DISIGN: 97, pages: [(1,6), (2,14), (3,15), (4,16), (5,17), (6,18), (7,19), (8,20), (9,21), ]
23:56:11 ASSIGN: 98, pages: [(1,6), (2,14), (3,15), (4,16), (5,17), (6,18), (7,19), ]
23:56:15 DISIGN: 98, pages: [(1,6), (2,14), (3,15), (4,16), (5,17), (6,18), (7,19), ]
23:56:17 ASSIGN: 99, pages: [(1,6), (2,14), (3,15), (4,16), (5,17), (6,18), (7,19), (8,20), (9,21), ]
23:56:19 DISIGN: 99, pages: [(1,6), (2,14), (3,15), (4,16), (5,17), (6,18), (7,19), (8,20), (9,21), ]
23:56:25 ASSIGN: 100, pages: [(1,6), (2,14), (3,15), (4,16), (5,17), (6,18), (7,19), (8,20), (9,21), ]
23:56:27 DISIGN: 100, pages: [(1,6), (2,14), (3,15), (4,16), (5,17), (6,18), (7,19), (8,20), (9,21), ]
23:56:34 ASSIGN: 101, pages: [(1,6), (2,14), (3,15), (4,16), (5,17), (6,18), (7,19), ]
23:56:38 DISIGN: 101, pages: [(1,6), (2,14), (3,15), (4,16), (5,17), (6,18), (7,19), ]
23:56:39 ASSIGN: 102, pages: [(1,6), (2,14), (3,15), (4,16), (5,17), (6,18), ]
23:56:44 DISIGN: 102, pages: [(1,6), (2,14), (3,15), (4,16), (5,17), (6,18), ]
23:56:46 ASSIGN: 103, pages: [(1,6), (2,14), (3,15), (4,16), (5,17), ]
23:56:48 DISIGN: 103, pages: [(1,6), (2,14), (3,15), (4,16), (5,17), ]
23:56:55 ASSIGN: 104, pages: [(1,6), (2,14), (3,15), (4,16), (5,17), (6,18), ]
23:56:59 DISIGN: 104, pages: [(1,6), (2,14), (3,15), (4,16), (5,17), (6,18), ]
23:57:03 ASSIGN: 105, pages: [(1,6), (2,14), (3,15), (4,16), (5,17), ]
23:57:07 DISIGN: 105, pages: [(1,6), (2,14), (3,15), (4,16), (5,17), ]
23:57:08 ASSIGN: 106, pages: [(1,6), (2,14), (3,15), (4,16), (5,17), (6,18), (7,19), (8,20), (9,21), ]
23:57:11 DISIGN: 106, pages: [(1,6), (2,14), (3,15), (4,16), (5,17), (6,18), (7,19), (8,20), (9,21), ]
23:57:15 ASSIGN: 107, pages: [(1,6), (2,14), (3,15), (4,16), (5,17), ]
23:57:20 DISIGN: 107, pages: [(1,6), (2,14), (3,15), (4,16), (5,17), ]
23:57:22 ASSIGN: 108, pages: [(1,6), (2,14), (3,15), (4,16), (5,17), (6,18), ]
23:57:24 DISIGN: 108, pages: [(1,6), (2,14), (3,15), (4,16), (5,17), (6,18), ]
23:57:27 ASSIGN: 109, pages: [(1,6), (2,14), (3,15), (4,16), (5,17), ]
23:57:29 DISIGN: 109, pages: [(1,6), (2,14), (3,15), (4,16), (5,17), ]
23:57:36 ASSIGN: 110, pages: [(1,6), (2,14), (3,15), (4,16), (5,17), (6,18), (7,19), ]
23:57:41 DISIGN: 110, pages: [(1,6), (2,14), (3,15), (4,16), (5,17), (6,18), (7,19), ]
23:57:43 ASSIGN: 111, pages: [(1,6), (2,14), (3,15), (4,16), (5,17), (6,18), ]
23:57:47 DISIGN: 111, pages: [(1,6), (2,14), (3,15), (4,16), (5,17), (6,18), ]
23:57:49 ASSIGN: 112, pages: [(1,6), (2,14), (3,15), (4,16), (5,17), (6,18), ]
23:57:51 DISIGN: 112, pages: [(1,6), (2,14), (3,15), (4,16), (5,17), (6,18), ]
23:57:56 ASSIGN: 113, pages: [(1,6), (2,14), (3,15), (4,16), (5,17), (6,18), (7,19), ]
23:57:59 DISIGN: 113, pages: [(1,6), (2,14), (3,15), (4,16), (5,17), (6,18), (7,19), ]
23:58:01 ASSIGN: 114, pages: [(1,6), (2,14), (3,15), (4,16), (5,17), (6,18), (7,19), ]
23:58:03 DISIGN: 114, pages: [(1,6), (2,14), (3,15), (4,16), (5,17), (6,18), (7,19), ]
23:58:07 ASSIGN: 115, pages: [(1,6), (2,14), (3,15), (4,16), (5,17), (6,18), (7,19), (8,20), (9,21), ]
23:58:10 DISIGN: 115, pages: [(1,6), (2,14), (3,15), (4,16), (5,17), (6,18), (7,19), (8,20), (9,21), ]
23:58:15 ASSIGN: 116, pages: [(1,6), (2,14), (3,15), (4,16), (5,17), (6,18), (7,19), ]
23:58:17 DISIGN: 116, pages: [(1,6), (2,14), (3,15), (4,16), (5,17), (6,18), (7,19), ]
23:58:24 ASSIGN: 117, pages: [(1,6), (2,14), (3,15), (4,16), (5,17), (6,18), (7,19), (8,20), (9,21), ]
23:58:27 DISIGN: 117, pages: [(1,6), (2,14), (3,15), (4,16), (5,17), (6,18), (7,19), (8,20), (9,21), ]
23:58:29 ASSIGN: 118, pages: [(1,6), (2,14), (3,15), (4,16), (5,17), (6,18), (7,19), (8,20), (9,21), ]
23:58:33 DISIGN: 118, pages: [(1,6), (2,14), (3,15), (4,16), (5,17), (6,18), (7,19), (8,20), (9,21), ]
23:58:36 ASSIGN: 119, pages: [(1,6), (2,14), (3,15), (4,16), (5,17), (6,18), (7,19), (8,20), ]
23:58:41 DISIGN: 119, pages: [(1,6), (2,14), (3,15), (4,16), (5,17), (6,18), (7,19), (8,20), ]
23:58:43 ASSIGN: 120, pages: [(1,6), (2,14), (3,15), (4,16), (5,17), (6,18), (7,19), (8,20), ]
23:58:46 DISIGN: 120, pages: [(1,6), (2,14), (3,15), (4,16), (5,17), (6,18), (7,19), (8,20), ]
23:58:51 ASSIGN: 121, pages: [(1,6), (2,14), (3,15), (4,16), (5,17), ]
23:58:55 DISIGN: 121, pages: [(1,6), (2,14), (3,15), (4,16), (5,17), ]
23:58:56 ASSIGN: 122, pages: [(1,6), (2,14), (3,15), (4,16), (5,17), ]
23:58:58 DISIGN: 122, pages: [(1,6), (2,14), (3,15), (4,16), (5,17), ]
23:59:02 ASSIGN: 123, pages: [(1,6), (2,14), (3,15), (4,16), (5,17), (6,18), ]
23:59:04 DISIGN: 123, pages: [(1,6), (2,14), (3,15), (4,16), (5,17), (6,18), ]
23:59:10 ASSIGN: 124, pages: [(1,6), (2,14), (3,15), (4,16), (5,17), ]
23:59:15 DISIGN: 124, pages: [(1,6), (2,14), (3,15), (4,16), (5,17), ]
23:59:18 ASSIGN: 125, pages: [(1,6), (2,14), (3,15), (4,16), (5,17), (6,18), (7,19), ]
23:59:22 DISIGN: 125, pages: [(1,6), (2,14), (3,15), (4,16), (5,17), (6,18), (7,19), ]
23:59:27 ASSIGN: 126, pages: [(1,6), (2,14), (3,15), (4,16), (5,17), (6,18), (7,19), ]
23:59:31 DISIGN: 126, pages: [(1,6), (2,14), (3,15), (4,16), (5,17), (6,18), (7,19), ]
23:59:35 ASSIGN: 127, pages: [(1,6), (2,14), (3,15), (4,16), (5,17), (6,18), (7,19), ]
23:59:37 DISIGN: 127, pages: [(1,6), (2,14), (3,15), (4,16), (5,17), (6,18), (7,19), ]
23:59:43 ASSIGN: 128, pages: [(1,6), (2,14), (3,15), (4,16), (5,17), (6,18), (7,19), (8,20), ]
23:59:45 DISIGN: 128, pages: [(1,6), (2,14), (3,15), (4,16), (5,17), (6,18), (7,19), (8,20), ]
23:59:52 ASSIGN: 129, pages: [(1,6), (2,14), (3,15), (4,16), (5,17), (6,18), (7,19), (8,20), (9,21), ]
23:59:57 DISIGN: 129, pages: [(1,6), (2,14), (3,15), (4,16), (5,17), (6,18), (7,19), (8,20), (9,21), ]
23:59:59 ASSIGN: 130, pages: [(1,6), (2,14), (3,15), (4,16), (5,17), (6,18), (7,19), ]
00:00:02 DISIGN: 130, pages: [(1,6), (2,14), (3,15), (4,16), (5,17), (6,18), (7,19), ]
00:00:06 ASSIGN: 131, pages: [(1,6), (2,14), (3,15), (4,16), (5,17), ]
00:00:10 DISIGN: 131, pages: [(1,6), (2,14), (3,15), (4,16), (5,17), ]
00:00:13 ASSIGN: 132, pages: [(1,6), (2,14), (3,15), (4,16), (5,17), (6,18), (7,19), (8,20), ]
00:00:16 DISIGN: 132, pages: [(1,6), (2,14), (3,15), (4,16), (5,17), (6,18), (7,19), (8,20), ]
00:00:22 ASSIGN: 133, pages: [(1,6), (2,14), (3,15), (4,16), (5,17), ]
00:00:26 DISIGN: 133, pages: [(1,6), (2,14), (3,15), (4,16), (5,17), ]
00:00:30 ASSIGN: 134, pages: [(1,6), (2,14), (3,15), (4,16), (5,17), (6,18), (7,19), ]
00:00:35 DISIGN: 134, pages: [(1,6), (2,14), (3,15), (4,16), (5,17), (6,18), (7,19), ]
00:00:36 ASSIGN: 135, pages: [(1,6), (2,14), (3,15), (4,16), (5,17), (6,18), ]
00:00:40 DISIGN: 135, pages: [(1,6), (2,14), (3,15), (4,16), (5,17), (6,18), ]
00:00:42 ASSIGN: 136, pages: [(1,6), (2,14), (3,15), (4,16), (5,17), ]
00:00:44 DISIGN: 136, pages: [(1,6), (2,14), (3,15), (4,16), (5,17), ]
00:00:49 ASSIGN: 137, pages: [(1,6), (2,14), (3,15), (4,16), (5,17), (6,18), ]
00:00:51 DISIGN: 137, pages: [(1,6), (2,14), (3,15), (4,16), (5,17), (6,18), ]
00:00:56 ASSIGN: 138, pages: [(1,6), (2,14), (3,15), (4,16), (5,17), ]
00:00:59 DISIGN: 138, pages: [(1,6), (2,14), (3,15), (4,16), (5,17), ]
00:01:05 ASSIGN: 139, pages: [(1,6), (2,14), (3,15), (4,16), (5,17), ]
00:01:09 DISIGN: 139, pages: [(1,6), (2,14), (3,15), (4,16), (5,17), ]
00:01:13 ASSIGN: 140, pages: [(1,6), (2,14), (3,15), (4,16), (5,17), (6,18), (7,19), (8,20), ]
00:01:15 DISIGN: 140, pages: [(1,6), (2,14), (3,15), (4,16), (5,17), (6,18), (7,19), (8,20), ]
00:01:19 ASSIGN: 141, pages: [(1,6), (2,14), (3,15), (4,16), (5,17), (6,18), (7,19), (8,20), (9,21), ]
00:01:21 DISIGN: 141, pages: [(1,6), (2,14), (3,15), (4,16), (5,17), (6,18), (7,19), (8,20), (9,21), ]
00:01:28 ASSIGN: 142, pages: [(1,6), (2,14), (3,15), (4,16), (5,17), (6,18), (7,19), (8,20), ]
00:01:31 DISIGN: 142, pages: [(1,6), (2,14), (3,15), (4,16), (5,17), (6,18), (7,19), (8,20), ]
00:01:37 ASSIGN: 143, pages: [(1,6), (2,14), (3,15), (4,16), (5,17), (6,18), ]
00:01:40 DISIGN: 143, pages: [(1,6), (2,14), (3,15), (4,16), (5,17), (6,18), ]
00:01:46 ASSIGN: 144, pages: [(1,6), (2,14), (3,15), (4,16), (5,17), (6,18), (7,19), ]
00:01:49 DISIGN: 144, pages: [(1,6), (2,14), (3,15), (4,16), (5,17), (6,18), (7,19), ]
00:01:51 ASSIGN: 145, pages: [(1,6), (2,14), (3,15), (4,16), (5,17), (6,18), (7,19), (8,20), ]
00:01:54 DISIGN: 145, pages: [(1,6), (2,14), (3,15), (4,16), (5,17), (6,18), (7,19), (8,20), ]
00:01:57 ASSIGN: 146, pages: [(1,6), (2,14), (3,15), (4,16), (5,17), ]
00:02:02 DISIGN: 146, pages: [(1,6), (2,14), (3,15), (4,16), (5,17), ]
00:02:03 ASSIGN: 147, pages: [(1,6), (2,14), (3,15), (4,16), (5,17), (6,18), (7,19), (8,20), ]
00:02:08 DISIGN: 147, pages: [(1,6), (2,14), (3,15), (4,16), (5,17), (6,18), (7,19), (8,20), ]
00:02:11 ASSIGN: 148, pages: [(1,6), (2,14), (3,15), (4,16), (5,17), ]
00:02:16 DISIGN: 148, pages: [(1,6), (2,14), (3,15), (4,16), (5,17), ]
00:02:19 ASSIGN: 149, pages: [(1,6), (2,14), (3,15), (4,16), (5,17), ]
00:02:23 DISIGN: 149, pages: [(1,6), (2,14), (3,15), (4,16), (5,17), ]
00:02:27 ASSIGN: 150, pages: [(1,6), (2,14), (3,15), (4,16), (5,17), (6,18), (7,19), (8,20), (9,21), ]
00:02:29 DISIGN: 150, pages: [(1,6), (2,14), (3,15), (4,16), (5,17), (6,18), (7,19), (8,20), (9,21), ]
00:02:35 ASSIGN: 151, pages: [(1,6), (2,14), (3,15), (4,16), (5,17), (6,18), (7,19), ]
00:02:39 DISIGN: 151, pages: [(1,6), (2,14), (3,15), (4,16), (5,17), (6,18), (7,19), ]
00:02:40 ASSIGN: 152, pages: [(1,6), (2,14), (3,15), (4,16), (5,17), (6,18), (7,19), ]
00:02:44 DISIGN: 152, pages: [(1,6), (2,14), (3,15), (4,16), (5,17), (6,18), (7,19), ]
00:02:47 ASSIGN: 153, pages: [(1,6), (2,14), (3,15), (4,16), (5,17), (6,18), (7,19), ]
00:02:51 DISIGN: 153, pages: [(1,6), (2,14), (3,15), (4,16), (5,17), (6,18), (7,19), ]
00:02:56 ASSIGN: 154, pages: [(1,6), (2,14), (3,15), (4,16), (5,17), (6,18), (7,19), (8,20), ]
00:02:58 DISIGN: 154, pages: [(1,6), (2,14), (3,15), (4,16), (5,17), (6,18), (7,19), (8,20), ]
00:03:03 ASSIGN: 155, pages: [(1,6), (2,14), (3,15), (4,16), (5,17), (6,18), (7,19), (8,20), (9,21), ]
00:03:05 DISIGN: 155, pages: [(1,6), (2,14), (3,15), (4,16), (5,17), (6,18), (7,19), (8,20), (9,21), ]
00:03:08 ASSIGN: 156, pages: [(1,6), (2,14), (3,15), (4,16), (5,17), (6,18), ]
00:03:11 DISIGN: 156, pages: [(1,6), (2,14), (3,15), (4,16), (5,17), (6,18), ]
00:03:14 ASSIGN: 157, pages: [(1,6), (2,14), (3,15), (4,16), (5,17), (6,18), (7,19), ]
00:03:17 DISIGN: 157, pages: [(1,6), (2,14), (3,15), (4,16), (5,17), (6,18), (7,19), ]
00:03:19 ASSIGN: 158, pages: [(1,6), (2,14), (3,15), (4,16), (5,17), (6,18), (7,19), ]
00:03:21 DISIGN: 158, pages: [(1,6), (2,14), (3,15), (4,16), (5,17), (6,18), (7,19), ]
00:03:24 ASSIGN: 159, pages: [(1,6), (2,14), (3,15), (4,16), (5,17), (6,18), (7,19), (8,20), (9,21), ]
00:03:28 DISIGN: 159, pages: [(1,6), (2,14), (3,15), (4,16), (5,17), (6,18), (7,19), (8,20), (9,21), ]
00:03:30 ASSIGN: 160, pages: [(1,6), (2,14), (3,15), (4,16), (5,17), (6,18), ]
00:03:34 DISIGN: 160, pages: [(1,6), (2,14), (3,15), (4,16), (5,17), (6,18), ]
00:03:39 ASSIGN: 161, pages: [(1,6), (2,14), (3,15), (4,16), (5,17), (6,18), (7,19), (8,20), (9,21), ]
00:03:43 DISIGN: 161, pages: [(1,6), (2,14), (3,15), (4,16), (5,17), (6,18), (7,19), (8,20), (9,21), ]
00:03:47 ASSIGN: 162, pages: [(1,6), (2,14), (3,15), (4,16), (5,17), (6,18), ]
00:03:52 DISIGN: 162, pages: [(1,6), (2,14), (3,15), (4,16), (5,17), (6,18), ]
00:03:53 ASSIGN: 163, pages: [(1,6), (2,14), (3,15), (4,16), (5,17), (6,18), (7,19), (8,20), ]
00:03:55 DISIGN: 163, pages: [(1,6), (2,14), (3,15), (4,16), (5,17), (6,18), (7,19), (8,20), ]
00:04:01 ASSIGN: 164, pages: [(1,6), (2,14), (3,15), (4,16), (5,17), (6,18), (7,19), ]
00:04:03 DISIGN: 164, pages: [(1,6), (2,14), (3,15), (4,16), (5,17), (6,18), (7,19), ]
00:04:07 ASSIGN: 165, pages: [(1,6), (2,14), (3,15), (4,16), (5,17), (6,18), (7,19), ]
00:04:11 DISIGN: 165, pages: [(1,6), (2,14), (3,15), (4,16), (5,17), (6,18), (7,19), ]
00:04:12 ASSIGN: 166, pages: [(1,6), (2,14), (3,15), (4,16), (5,17), (6,18), ]
00:04:16 DISIGN: 166, pages: [(1,6), (2,14), (3,15), (4,16), (5,17), (6,18), ]
00:04:19 ASSIGN: 167, pages: [(1,6), (2,14), (3,15), (4,16), (5,17), ]
00:04:21 DISIGN: 167, pages: [(1,6), (2,14), (3,15), (4,16), (5,17), ]
00:04:25 ASSIGN: 168, pages: [(1,6), (2,14), (3,15), (4,16), (5,17), ]
00:04:29 DISIGN: 168, pages: [(1,6), (2,14), (3,15), (4,16), (5,17), ]
00:04:30 ASSIGN: 169, pages: [(1,6), (2,14), (3,15), (4,16), (5,17), (6,18), (7,19), (8,20), ]
00:04:35 DISIGN: 169, pages: [(1,6), (2,14), (3,15), (4,16), (5,17), (6,18), (7,19), (8,20), ]
00:04:38 ASSIGN: 170, pages: [(1,6), (2,14), (3,15), (4,16), (5,17), (6,18), ]
00:04:40 DISIGN: 170, pages: [(1,6), (2,14), (3,15), (4,16), (5,17), (6,18), ]
00:04:46 ASSIGN: 171, pages: [(1,6), (2,14), (3,15), (4,16), (5,17), (6,18), (7,19), ]
00:04:51 DISIGN: 171, pages: [(1,6), (2,14), (3,15), (4,16), (5,17), (6,18), (7,19), ]
00:04:55 ASSIGN: 172, pages: [(1,6), (2,14), (3,15), (4,16), (5,17), (6,18), (7,19), (8,20), (9,21), ]
00:04:57 DISIGN: 172, pages: [(1,6), (2,14), (3,15), (4,16), (5,17), (6,18), (7,19), (8,20), (9,21), ]
00:05:03 ASSIGN: 173, pages: [(1,6), (2,14), (3,15), (4,16), (5,17), (6,18), ]
00:05:08 DISIGN: 173, pages: [(1,6), (2,14), (3,15), (4,16), (5,17), (6,18), ]
00:05:12 ASSIGN: 174, pages: [(1,6), (2,14), (3,15), (4,16), (5,17), ]
00:05:16 DISIGN: 174, pages: [(1,6), (2,14), (3,15), (4,16), (5,17), ]
00:05:21 ASSIGN: 175, pages: [(1,6), (2,14), (3,15), (4,16), (5,17), (6,18), (7,19), ]
00:05:26 DISIGN: 175, pages: [(1,6), (2,14), (3,15), (4,16), (5,17), (6,18), (7,19), ]
00:05:30 ASSIGN: 176, pages: [(1,6), (2,14), (3,15), (4,16), (5,17), ]
00:05:35 DISIGN: 176, pages: [(1,6), (2,14), (3,15), (4,16), (5,17), ]
00:05:38 ASSIGN: 177, pages: [(1,6), (2,14), (3,15), (4,16), (5,17), ]
00:05:40 DISIGN: 177, pages: [(1,6), (2,14), (3,15), (4,16), (5,17), ]
00:05:45 ASSIGN: 178, pages: [(1,6), (2,14), (3,15), (4,16), (5,17), (6,18), (7,19), ]
00:05:50 ASSIGN: 179, pages: [(1,20), (2,21), (3,22), (4,23), (5,24), ]
00:05:50 DISIGN: 178, pages: [(1,6), (2,14), (3,15), (4,16), (5,17), (6,18), (7,19), ]
00:05:55 DISIGN: 179, pages: [(1,20), (2,21), (3,22), (4,23), (5,24), ]
00:05:58 ASSIGN: 180, pages: [(1,6), (2,14), (3,15), (4,16), (5,17), (6,18), (7,19), (8,20), (9,21), ]
00:06:02 DISIGN: 180, pages: [(1,6), (2,14), (3,15), (4,16), (5,17), (6,18), (7,19), (8,20), (9,21), ]
00:06:05 ASSIGN: 181, pages: [(1,6), (2,14), (3,15), (4,16), (5,17), (6,18), ]
00:06:10 DISIGN: 181, pages: [(1,6), (2,14), (3,15), (4,16), (5,17), (6,18), ]
00:06:11 ASSIGN: 182, pages: [(1,6), (2,14), (3,15), (4,16), (5,17), (6,18), ]
00:06:13 DISIGN: 182, pages: [(1,6), (2,14), (3,15), (4,16), (5,17), (6,18), ]
00:06:20 ASSIGN: 183, pages: [(1,6), (2,14), (3,15), (4,16), (5,17), (6,18), (7,19), (8,20), ]
00:06:24 DISIGN: 183, pages: [(1,6), (2,14), (3,15), (4,16), (5,17), (6,18), (7,19), (8,20), ]
00:06:28 ASSIGN: 184, pages: [(1,6), (2,14), (3,15), (4,16), (5,17), ]
00:06:33 DISIGN: 184, pages: [(1,6), (2,14), (3,15), (4,16), (5,17), ]
00:06:34 ASSIGN: 185, pages: [(1,6), (2,14), (3,15), (4,16), (5,17), (6,18), (7,19), (8,20), (9,21), ]
00:06:37 DISIGN: 185, pages: [(1,6), (2,14), (3,15), (4,16), (5,17), (6,18), (7,19), (8,20), (9,21), ]
00:06:40 ASSIGN: 186, pages: [(1,6), (2,14), (3,15), (4,16), (5,17), ]
00:06:45 DISIGN: 186, pages: [(1,6), (2,14), (3,15), (4,16), (5,17), ]
00:06:48 ASSIGN: 187, pages: [(1,6), (2,14), (3,15), (4,16), (5,17), (6,18), (7,19), (8,20), ]
00:06:50 DISIGN: 187, pages: [(1,6), (2,14), (3,15), (4,16), (5,17), (6,18), (7,19), (8,20), ]
00:06:54 ASSIGN: 188, pages: [(1,6), (2,14), (3,15), (4,16), (5,17), (6,18), (7,19), (8,20), (9,21), ]
00:06:58 DISIGN: 188, pages: [(1,6), (2,14), (3,15), (4,16), (5,17), (6,18), (7,19), (8,20), (9,21), ]
00:07:01 ASSIGN: 189, pages: [(1,6), (2,14), (3,15), (4,16), (5,17), ]
00:07:06 DISIGN: 189, pages: [(1,6), (2,14), (3,15), (4,16), (5,17), ]
00:07:09 ASSIGN: 190, pages: [(1,6), (2,14), (3,15), (4,16), (5,17), (6,18), ]
00:07:11 DISIGN: 190, pages: [(1,6), (2,14), (3,15), (4,16), (5,17), (6,18), ]
00:07:14 ASSIGN: 191, pages: [(1,6), (2,14), (3,15), (4,16), (5,17), (6,18), (7,19), (8,20), (9,21), ]
00:07:19 DISIGN: 191, pages: [(1,6), (2,14), (3,15), (4,16), (5,17), (6,18), (7,19), (8,20), (9,21), ]
00:07:20 ASSIGN: 192, pages: [(1,6), (2,14), (3,15), (4,16), (5,17), (6,18), (7,19), (8,20), (9,21), ]
00:07:25 DISIGN: 192, pages: [(1,6), (2,14), (3,15), (4,16), (5,17), (6,18), (7,19), (8,20), (9,21), ]
00:07:29 ASSIGN: 193, pages: [(1,6), (2,14), (3,15), (4,16), (5,17), (6,18), (7,19), ]
00:07:34 ASSIGN: 194, pages: [(1,20), (2,21), (3,22), (4,23), (5,24), (6,25), (7,26), (8,27), ]
00:07:34 DISIGN: 193, pages: [(1,6), (2,14), (3,15), (4,16), (5,17), (6,18), (7,19), ]
00:07:39 DISIGN: 194, pages: [(1,20), (2,21), (3,22), (4,23), (5,24), (6,25), (7,26), (8,27), ]
00:07:40 ASSIGN: 195, pages: [(1,6), (2,14), (3,15), (4,16), (5,17), (6,18), ]
00:07:44 DISIGN: 195, pages: [(1,6), (2,14), (3,15), (4,16), (5,17), (6,18), ]
00:07:48 ASSIGN: 196, pages: [(1,6), (2,14), (3,15), (4,16), (5,17), (6,18), ]
00:07:52 DISIGN: 196, pages: [(1,6), (2,14), (3,15), (4,16), (5,17), (6,18), ]
00:07:57 ASSIGN: 197, pages: [(1,6), (2,14), (3,15), (4,16), (5,17), (6,18), (7,19), ]
00:08:00 DISIGN: 197, pages: [(1,6), (2,14), (3,15), (4,16), (5,17), (6,18), (7,19), ]
00:08:04 ASSIGN: 198, pages: [(1,6), (2,14), (3,15), (4,16), (5,17), ]
00:08:07 DISIGN: 198, pages: [(1,6), (2,14), (3,15), (4,16), (5,17), ]
00:08:10 ASSIGN: 199, pages: [(1,6), (2,14), (3,15), (4,16), (5,17), (6,18), (7,19), (8,20), ]
00:08:12 DISIGN: 199, pages: [(1,6), (2,14), (3,15), (4,16), (5,17), (6,18), (7,19), (8,20), ]
00:08:17 ASSIGN: 200, pages: [(1,6), (2,14), (3,15), (4,16), (5,17), (6,18), (7,19), (8,20), ]
00:08:19 DISIGN: 200, pages: [(1,6), (2,14), (3,15), (4,16), (5,17), (6,18), (7,19), (8,20), ]
00:08:23 ASSIGN: 201, pages: [(1,6), (2,14), (3,15), (4,16), (5,17), (6,18), (7,19), (8,20), ]
00:08:28 DISIGN: 201, pages: [(1,6), (2,14), (3,15), (4,16), (5,17), (6,18), (7,19), (8,20), ]
00:08:31 ASSIGN: 202, pages: [(1,6), (2,14), (3,15), (4,16), (5,17), (6,18), (7,19), (8,20), (9,21), ]
00:08:33 DISIGN: 202, pages: [(1,6), (2,14), (3,15), (4,16), (5,17), (6,18), (7,19), (8,20), (9,21), ]
00:08:36 ASSIGN: 203, pages: [(1,6), (2,14), (3,15), (4,16), (5,17), ]
00:08:38 DISIGN: 203, pages: [(1,6), (2,14), (3,15), (4,16), (5,17), ]
00:08:41 ASSIGN: 204, pages: [(1,6), (2,14), (3,15), (4,16), (5,17), ]
00:08:45 DISIGN: 204, pages: [(1,6), (2,14), (3,15), (4,16), (5,17), ]
00:08:47 ASSIGN: 205, pages: [(1,6), (2,14), (3,15), (4,16), (5,17), (6,18), (7,19), (8,20), (9,21), ]
00:08:50 DISIGN: 205, pages: [(1,6), (2,14), (3,15), (4,16), (5,17), (6,18), (7,19), (8,20), (9,21), ]
00:08:55 ASSIGN: 206, pages: [(1,6), (2,14), (3,15), (4,16), (5,17), ]
00:08:58 DISIGN: 206, pages: [(1,6), (2,14), (3,15), (4,16), (5,17), ]
00:09:02 ASSIGN: 207, pages: [(1,6), (2,14), (3,15), (4,16), (5,17), ]
00:09:04 DISIGN: 207, pages: [(1,6), (2,14), (3,15), (4,16), (5,17), ]
00:09:10 ASSIGN: 208, pages: [(1,6), (2,14), (3,15), (4,16), (5,17), ]
00:09:15 DISIGN: 208, pages: [(1,6), (2,14), (3,15), (4,16), (5,17), ]
00:09:19 ASSIGN: 209, pages: [(1,6), (2,14), (3,15), (4,16), (5,17), ]
00:09:24 DISIGN: 209, pages: [(1,6), (2,14), (3,15), (4,16), (5,17), ]
00:09:28 ASSIGN: 210, pages: [(1,6), (2,14), (3,15), (4,16), (5,17), (6,18), (7,19), (8,20), ]
00:09:32 DISIGN: 210, pages: [(1,6), (2,14), (3,15), (4,16), (5,17), (6,18), (7,19), (8,20), ]
00:09:36 ASSIGN: 211, pages: [(1,6), (2,14), (3,15), (4,16), (5,17), ]
00:09:41 DISIGN: 211, pages: [(1,6), (2,14), (3,15), (4,16), (5,17), ]
00:09:44 ASSIGN: 212, pages: [(1,6), (2,14), (3,15), (4,16), (5,17), (6,18), (7,19), (8,20), (9,21), ]
00:09:46 DISIGN: 212, pages: [(1,6), (2,14), (3,15), (4,16), (5,17), (6,18), (7,19), (8,20), (9,21), ]
00:09:53 ASSIGN: 213, pages: [(1,6), (2,14), (3,15), (4,16), (5,17), (6,18), (7,19), (8,20), (9,21), ]
00:09:56 DISIGN: 213, pages: [(1,6), (2,14), (3,15), (4,16), (5,17), (6,18), (7,19), (8,20), (9,21), ]
00:10:02 ASSIGN: 214, pages: [(1,6), (2,14), (3,15), (4,16), (5,17), (6,18), ]
00:10:05 DISIGN: 214, pages: [(1,6), (2,14), (3,15), (4,16), (5,17), (6,18), ]
00:10:09 ASSIGN: 215, pages: [(1,6), (2,14), (3,15), (4,16), (5,17), ]
00:10:11 DISIGN: 215, pages: [(1,6), (2,14), (3,15), (4,16), (5,17), ]
00:10:17 ASSIGN: 216, pages: [(1,6), (2,14), (3,15), (4,16), (5,17), ]
00:10:20 DISIGN: 216, pages: [(1,6), (2,14), (3,15), (4,16), (5,17), ]
00:10:24 ASSIGN: 217, pages: [(1,6), (2,14), (3,15), (4,16), (5,17), (6,18), (7,19), (8,20), (9,21), ]
00:10:27 DISIGN: 217, pages: [(1,6), (2,14), (3,15), (4,16), (5,17), (6,18), (7,19), (8,20), (9,21), ]
00:10:31 ASSIGN: 218, pages: [(1,6), (2,14), (3,15), (4,16), (5,17), (6,18), (7,19), (8,20), (9,21), ]
00:10:35 DISIGN: 218, pages: [(1,6), (2,14), (3,15), (4,16), (5,17), (6,18), (7,19), (8,20), (9,21), ]
00:10:40 ASSIGN: 219, pages: [(1,6), (2,14), (3,15), (4,16), (5,17), ]
00:10:45 ASSIGN: 220, pages: [(1,18), (2,19), (3,20), (4,21), (5,22), ]
00:10:45 DISIGN: 219, pages: [(1,6), (2,14), (3,15), (4,16), (5,17), ]
00:10:49 DISIGN: 220, pages: [(1,18), (2,19), (3,20), (4,21), (5,22), ]
00:10:50 ASSIGN: 221, pages: [(1,6), (2,14), (3,15), (4,16), (5,17), (6,18), (7,19), (8,20), ]
00:10:55 DISIGN: 221, pages: [(1,6), (2,14), (3,15), (4,16), (5,17), (6,18), (7,19), (8,20), ]
00:10:59 ASSIGN: 222, pages: [(1,6), (2,14), (3,15), (4,16), (5,17), (6,18), (7,19), (8,20), ]
00:11:03 DISIGN: 222, pages: [(1,6), (2,14), (3,15), (4,16), (5,17), (6,18), (7,19), (8,20), ]
00:11:07 ASSIGN: 223, pages: [(1,6), (2,14), (3,15), (4,16), (5,17), (6,18), (7,19), (8,20), (9,21), ]
00:11:11 DISIGN: 223, pages: [(1,6), (2,14), (3,15), (4,16), (5,17), (6,18), (7,19), (8,20), (9,21), ]
00:11:14 ASSIGN: 224, pages: [(1,6), (2,14), (3,15), (4,16), (5,17), (6,18), ]
00:11:19 DISIGN: 224, pages: [(1,6), (2,14), (3,15), (4,16), (5,17), (6,18), ]
00:11:22 ASSIGN: 225, pages: [(1,6), (2,14), (3,15), (4,16), (5,17), ]
00:11:25 DISIGN: 225, pages: [(1,6), (2,14), (3,15), (4,16), (5,17), ]
00:11:29 ASSIGN: 226, pages: [(1,6), (2,14), (3,15), (4,16), (5,17), ]
00:11:32 DISIGN: 226, pages: [(1,6), (2,14), (3,15), (4,16), (5,17), ]
00:11:35 ASSIGN: 227, pages: [(1,6), (2,14), (3,15), (4,16), (5,17), (6,18), (7,19), (8,20), ]
00:11:40 DISIGN: 227, pages: [(1,6), (2,14), (3,15), (4,16), (5,17), (6,18), (7,19), (8,20), ]
00:11:42 ASSIGN: 228, pages: [(1,6), (2,14), (3,15), (4,16), (5,17), ]
00:11:46 DISIGN: 228, pages: [(1,6), (2,14), (3,15), (4,16), (5,17), ]
00:11:49 ASSIGN: 229, pages: [(1,6), (2,14), (3,15), (4,16), (5,17), (6,18), (7,19), (8,20), ]
00:11:52 DISIGN: 229, pages: [(1,6), (2,14), (3,15), (4,16), (5,17), (6,18), (7,19), (8,20), ]
00:11:58 ASSIGN: 230, pages: [(1,6), (2,14), (3,15), (4,16), (5,17), (6,18), (7,19), ]
00:12:02 DISIGN: 230, pages: [(1,6), (2,14), (3,15), (4,16), (5,17), (6,18), (7,19), ]
00:12:06 ASSIGN: 231, pages: [(1,6), (2,14), (3,15), (4,16), (5,17), (6,18), ]
00:12:11 DISIGN: 231, pages: [(1,6), (2,14), (3,15), (4,16), (5,17), (6,18), ]
00:12:13 ASSIGN: 232, pages: [(1,6), (2,14), (3,15), (4,16), (5,17), (6,18), (7,19), (8,20), (9,21), ]
00:12:16 DISIGN: 232, pages: [(1,6), (2,14), (3,15), (4,16), (5,17), (6,18), (7,19), (8,20), (9,21), ]
00:12:21 ASSIGN: 233, pages: [(1,6), (2,14), (3,15), (4,16), (5,17), (6,18), (7,19), (8,20), ]
00:12:25 DISIGN: 233, pages: [(1,6), (2,14), (3,15), (4,16), (5,17), (6,18), (7,19), (8,20), ]
00:12:27 ASSIGN: 234, pages: [(1,6), (2,14), (3,15), (4,16), (5,17), (6,18), (7,19), (8,20), ]
00:12:29 DISIGN: 234, pages: [(1,6), (2,14), (3,15), (4,16), (5,17), (6,18), (7,19), (8,20), ]
00:12:33 ASSIGN: 235, pages: [(1,6), (2,14), (3,15), (4,16), (5,17), (6,18), (7,19), ]
00:12:35 DISIGN: 235, pages: [(1,6), (2,14), (3,15), (4,16), (5,17), (6,18), (7,19), ]
00:12:41 ASSIGN: 236, pages: [(1,6), (2,14), (3,15), (4,16), (5,17), ]
00:12:45 DISIGN: 236, pages: [(1,6), (2,14), (3,15), (4,16), (5,17), ]
00:12:48 ASSIGN: 237, pages: [(1,6), (2,14), (3,15), (4,16), (5,17), (6,18), (7,19), (8,20), (9,21), ]
00:12:50 DISIGN: 237, pages: [(1,6), (2,14), (3,15), (4,16), (5,17), (6,18), (7,19), (8,20), (9,21), ]
00:12:55 ASSIGN: 238, pages: [(1,6), (2,14), (3,15), (4,16), (5,17), (6,18), ]
00:12:57 DISIGN: 238, pages: [(1,6), (2,14), (3,15), (4,16), (5,17), (6,18), ]
00:13:04 ASSIGN: 239, pages: [(1,6), (2,14), (3,15), (4,16), (5,17), (6,18), (7,19), (8,20), ]
00:13:08 DISIGN: 239, pages: [(1,6), (2,14), (3,15), (4,16), (5,17), (6,18), (7,19), (8,20), ]
00:13:09 ASSIGN: 240, pages: [(1,6), (2,14), (3,15), (4,16), (5,17), (6,18), (7,19), (8,20), (9,21), ]
00:13:12 DISIGN: 240, pages: [(1,6), (2,14), (3,15), (4,16), (5,17), (6,18), (7,19), (8,20), (9,21), ]
00:13:15 ASSIGN: 241, pages: [(1,6), (2,14), (3,15), (4,16), (5,17), (6,18), (7,19), (8,20), ]
00:13:19 DISIGN: 241, pages: [(1,6), (2,14), (3,15), (4,16), (5,17), (6,18), (7,19), (8,20), ]
00:13:23 ASSIGN: 242, pages: [(1,6), (2,14), (3,15), (4,16), (5,17), (6,18), (7,19), (8,20), ]
00:13:25 DISIGN: 242, pages: [(1,6), (2,14), (3,15), (4,16), (5,17), (6,18), (7,19), (8,20), ]
00:13:32 ASSIGN: 243, pages: [(1,6), (2,14), (3,15), (4,16), (5,17), ]
00:13:36 DISIGN: 243, pages: [(1,6), (2,14), (3,15), (4,16), (5,17), ]
00:13:37 ASSIGN: 244, pages: [(1,6), (2,14), (3,15), (4,16), (5,17), (6,18), ]
00:13:42 DISIGN: 244, pages: [(1,6), (2,14), (3,15), (4,16), (5,17), (6,18), ]
00:13:46 ASSIGN: 245, pages: [(1,6), (2,14), (3,15), (4,16), (5,17), (6,18), (7,19), (8,20), ]
00:13:48 DISIGN: 245, pages: [(1,6), (2,14), (3,15), (4,16), (5,17), (6,18), (7,19), (8,20), ]
00:13:52 ASSIGN: 246, pages: [(1,6), (2,14), (3,15), (4,16), (5,17), (6,18), ]
00:13:55 DISIGN: 246, pages: [(1,6), (2,14), (3,15), (4,16), (5,17), (6,18), ]
00:13:58 ASSIGN: 247, pages: [(1,6), (2,14), (3,15), (4,16), (5,17), (6,18), (7,19), (8,20), (9,21), ]
00:14:03 DISIGN: 247, pages: [(1,6), (2,14), (3,15), (4,16), (5,17), (6,18), (7,19), (8,20), (9,21), ]
00:14:04 ASSIGN: 248, pages: [(1,6), (2,14), (3,15), (4,16), (5,17), (6,18), (7,19), (8,20), ]
00:14:08 DISIGN: 248, pages: [(1,6), (2,14), (3,15), (4,16), (5,17), (6,18), (7,19), (8,20), ]
00:14:13 ASSIGN: 249, pages: [(1,6), (2,14), (3,15), (4,16), (5,17), (6,18), (7,19), (8,20), ]
00:14:16 DISIGN: 249, pages: [(1,6), (2,14), (3,15), (4,16), (5,17), (6,18), (7,19), (8,20), ]
00:14:21 ASSIGN: 250, pages: [(1,6), (2,14), (3,15), (4,16), (5,17), (6,18), (7,19), ]
00:14:24 DISIGN: 250, pages: [(1,6), (2,14), (3,15), (4,16), (5,17), (6,18), (7,19), ]
00:14:30 ASSIGN: 251, pages: [(1,6), (2,14), (3,15), (4,16), (5,17), (6,18), (7,19), ]
00:14:32 DISIGN: 251, pages: [(1,6), (2,14), (3,15), (4,16), (5,17), (6,18), (7,19), ]
00:14:37 ASSIGN: 252, pages: [(1,6), (2,14), (3,15), (4,16), (5,17), ]
00:14:39 DISIGN: 252, pages: [(1,6), (2,14), (3,15), (4,16), (5,17), ]
00:14:43 ASSIGN: 253, pages: [(1,6), (2,14), (3,15), (4,16), (5,17), (6,18), (7,19), ]
00:14:46 DISIGN: 253, pages: [(1,6), (2,14), (3,15), (4,16), (5,17), (6,18), (7,19), ]
00:14:49 ASSIGN: 254, pages: [(1,6), (2,14), (3,15), (4,16), (5,17), (6,18), (7,19), (8,20), (9,21), ]
00:14:51 DISIGN: 254, pages: [(1,6), (2,14), (3,15), (4,16), (5,17), (6,18), (7,19), (8,20), (9,21), ]
00:14:54 ASSIGN: 255, pages: [(1,6), (2,14), (3,15), (4,16), (5,17), (6,18), (7,19), (8,20), (9,21), ]
00:14:56 DISIGN: 255, pages: [(1,6), (2,14), (3,15), (4,16), (5,17), (6,18), (7,19), (8,20), (9,21), ]
00:14:59 ASSIGN: 256, pages: [(1,6), (2,14), (3,15), (4,16), (5,17), (6,18), (7,19), (8,20), ]
00:15:02 DISIGN: 256, pages: [(1,6), (2,14), (3,15), (4,16), (5,17), (6,18), (7,19), (8,20), ]
00:15:05 ASSIGN: 257, pages: [(1,6), (2,14), (3,15), (4,16), (5,17), ]
00:15:08 DISIGN: 257, pages: [(1,6), (2,14), (3,15), (4,16), (5,17), ]
00:15:10 ASSIGN: 258, pages: [(1,6), (2,14), (3,15), (4,16), (5,17), ]
00:15:15 DISIGN: 258, pages: [(1,6), (2,14), (3,15), (4,16), (5,17), ]
00:15:18 ASSIGN: 259, pages: [(1,6), (2,14), (3,15), (4,16), (5,17), (6,18), (7,19), ]
00:15:21 DISIGN: 259, pages: [(1,6), (2,14), (3,15), (4,16), (5,17), (6,18), (7,19), ]
00:15:26 ASSIGN: 260, pages: [(1,6), (2,14), (3,15), (4,16), (5,17), (6,18), ]
00:15:29 DISIGN: 260, pages: [(1,6), (2,14), (3,15), (4,16), (5,17), (6,18), ]
00:15:35 ASSIGN: 261, pages: [(1,6), (2,14), (3,15), (4,16), (5,17), (6,18), (7,19), (8,20), ]
00:15:38 DISIGN: 261, pages: [(1,6), (2,14), (3,15), (4,16), (5,17), (6,18), (7,19), (8,20), ]
00:15:44 ASSIGN: 262, pages: [(1,6), (2,14), (3,15), (4,16), (5,17), (6,18), (7,19), (8,20), (9,21), ]
00:15:49 DISIGN: 262, pages: [(1,6), (2,14), (3,15), (4,16), (5,17), (6,18), (7,19), (8,20), (9,21), ]
00:15:52 ASSIGN: 263, pages: [(1,6), (2,14), (3,15), (4,16), (5,17), ]
00:15:56 DISIGN: 263, pages: [(1,6), (2,14), (3,15), (4,16), (5,17), ]
00:15:57 ASSIGN: 264, pages: [(1,6), (2,14), (3,15), (4,16), (5,17), (6,18), (7,19), (8,20), (9,21), ]
00:16:01 DISIGN: 264, pages: [(1,6), (2,14), (3,15), (4,16), (5,17), (6,18), (7,19), (8,20), (9,21), ]
00:16:03 ASSIGN: 265, pages: [(1,6), (2,14), (3,15), (4,16), (5,17), (6,18), (7,19), ]
00:16:08 ASSIGN: 266, pages: [(1,20), (2,21), (3,22), (4,23), (5,24), ]
00:16:08 DISIGN: 265, pages: [(1,6), (2,14), (3,15), (4,16), (5,17), (6,18), (7,19), ]
00:16:13 ASSIGN: 267, pages: [(1,6), (2,14), (3,15), (4,16), (5,17), (6,18), (7,19), (8,25), ]
00:16:13 DISIGN: 266, pages: [(1,20), (2,21), (3,22), (4,23), (5,24), ]
00:16:18 DISIGN: 267, pages: [(1,6), (2,14), (3,15), (4,16), (5,17), (6,18), (7,19), (8,25), ]
00:16:22 ASSIGN: 268, pages: [(1,6), (2,14), (3,15), (4,16), (5,17), (6,18), (7,19), ]
00:16:26 DISIGN: 268, pages: [(1,6), (2,14), (3,15), (4,16), (5,17), (6,18), (7,19), ]
00:16:29 ASSIGN: 269, pages: [(1,6), (2,14), (3,15), (4,16), (5,17), (6,18), (7,19), ]
00:16:31 DISIGN: 269, pages: [(1,6), (2,14), (3,15), (4,16), (5,17), (6,18), (7,19), ]
00:16:34 ASSIGN: 270, pages: [(1,6), (2,14), (3,15), (4,16), (5,17), (6,18), (7,19), (8,20), ]
00:16:36 DISIGN: 270, pages: [(1,6), (2,14), (3,15), (4,16), (5,17), (6,18), (7,19), (8,20), ]
00:16:42 ASSIGN: 271, pages: [(1,6), (2,14), (3,15), (4,16), (5,17), ]
00:16:44 DISIGN: 271, pages: [(1,6), (2,14), (3,15), (4,16), (5,17), ]
00:16:51 ASSIGN: 272, pages: [(1,6), (2,14), (3,15), (4,16), (5,17), (6,18), (7,19), ]
00:16:55 DISIGN: 272, pages: [(1,6), (2,14), (3,15), (4,16), (5,17), (6,18), (7,19), ]
00:16:58 ASSIGN: 273, pages: [(1,6), (2,14), (3,15), (4,16), (5,17), (6,18), ]
00:17:03 DISIGN: 273, pages: [(1,6), (2,14), (3,15), (4,16), (5,17), (6,18), ]
00:17:04 ASSIGN: 274, pages: [(1,6), (2,14), (3,15), (4,16), (5,17), (6,18), ]
00:17:09 DISIGN: 274, pages: [(1,6), (2,14), (3,15), (4,16), (5,17), (6,18), ]
00:17:11 ASSIGN: 275, pages: [(1,6), (2,14), (3,15), (4,16), (5,17), (6,18), (7,19), (8,20), (9,21), ]
00:17:14 DISIGN: 275, pages: [(1,6), (2,14), (3,15), (4,16), (5,17), (6,18), (7,19), (8,20), (9,21), ]
00:17:18 ASSIGN: 276, pages: [(1,6), (2,14), (3,15), (4,16), (5,17), (6,18), (7,19), ]
00:17:20 DISIGN: 276, pages: [(1,6), (2,14), (3,15), (4,16), (5,17), (6,18), (7,19), ]
00:17:26 ASSIGN: 277, pages: [(1,6), (2,14), (3,15), (4,16), (5,17), (6,18), (7,19), (8,20), ]
00:17:28 DISIGN: 277, pages: [(1,6), (2,14), (3,15), (4,16), (5,17), (6,18), (7,19), (8,20), ]
00:17:35 ASSIGN: 278, pages: [(1,6), (2,14), (3,15), (4,16), (5,17), ]
00:17:40 DISIGN: 278, pages: [(1,6), (2,14), (3,15), (4,16), (5,17), ]
00:17:43 ASSIGN: 279, pages: [(1,6), (2,14), (3,15), (4,16), (5,17), (6,18), (7,19), (8,20), (9,21), ]
00:17:45 DISIGN: 279, pages: [(1,6), (2,14), (3,15), (4,16), (5,17), (6,18), (7,19), (8,20), (9,21), ]
00:17:51 ASSIGN: 280, pages: [(1,6), (2,14), (3,15), (4,16), (5,17), ]
00:17:56 ASSIGN: 281, pages: [(1,18), (2,19), (3,20), (4,21), (5,22), (6,23), (7,24), (8,25), ]
00:17:56 DISIGN: 280, pages: [(1,6), (2,14), (3,15), (4,16), (5,17), ]
00:18:00 DISIGN: 281, pages: [(1,18), (2,19), (3,20), (4,21), (5,22), (6,23), (7,24), (8,25), ]
00:18:05 ASSIGN: 282, pages: [(1,6), (2,14), (3,15), (4,16), (5,17), (6,18), (7,19), ]
00:18:09 DISIGN: 282, pages: [(1,6), (2,14), (3,15), (4,16), (5,17), (6,18), (7,19), ]
00:18:11 ASSIGN: 283, pages: [(1,6), (2,14), (3,15), (4,16), (5,17), (6,18), (7,19), (8,20), ]
00:18:13 DISIGN: 283, pages: [(1,6), (2,14), (3,15), (4,16), (5,17), (6,18), (7,19), (8,20), ]
00:18:20 ASSIGN: 284, pages: [(1,6), (2,14), (3,15), (4,16), (5,17), (6,18), (7,19), ]
00:18:22 DISIGN: 284, pages: [(1,6), (2,14), (3,15), (4,16), (5,17), (6,18), (7,19), ]
00:18:29 ASSIGN: 285, pages: [(1,6), (2,14), (3,15), (4,16), (5,17), (6,18), (7,19), (8,20), ]
00:18:32 DISIGN: 285, pages: [(1,6), (2,14), (3,15), (4,16), (5,17), (6,18), (7,19), (8,20), ]
00:18:34 ASSIGN: 286, pages: [(1,6), (2,14), (3,15), (4,16), (5,17), (6,18), (7,19), (8,20), (9,21), ]
00:18:39 ASSIGN: 287, pages: [(1,22), (2,23), (3,24), (4,25), (5,26), (6,27), ]
00:18:39 DISIGN: 286, pages: [(1,6), (2,14), (3,15), (4,16), (5,17), (6,18), (7,19), (8,20), (9,21), ]
00:18:43 DISIGN: 287, pages: [(1,22), (2,23), (3,24), (4,25), (5,26), (6,27), ]
00:18:46 ASSIGN: 288, pages: [(1,6), (2,14), (3,15), (4,16), (5,17), (6,18), (7,19), ]
00:18:49 DISIGN: 288, pages: [(1,6), (2,14), (3,15), (4,16), (5,17), (6,18), (7,19), ]
00:18:51 ASSIGN: 289, pages: [(1,6), (2,14), (3,15), (4,16), (5,17), ]
00:18:55 DISIGN: 289, pages: [(1,6), (2,14), (3,15), (4,16), (5,17), ]
00:18:56 ASSIGN: 290, pages: [(1,6), (2,14), (3,15), (4,16), (5,17), (6,18), ]
00:19:00 DISIGN: 290, pages: [(1,6), (2,14), (3,15), (4,16), (5,17), (6,18), ]
00:19:03 ASSIGN: 291, pages: [(1,6), (2,14), (3,15), (4,16), (5,17), (6,18), (7,19), (8,20), (9,21), ]
00:19:05 DISIGN: 291, pages: [(1,6), (2,14), (3,15), (4,16), (5,17), (6,18), (7,19), (8,20), (9,21), ]
00:19:09 ASSIGN: 292, pages: [(1,6), (2,14), (3,15), (4,16), (5,17), ]
00:19:11 DISIGN: 292, pages: [(1,6), (2,14), (3,15), (4,16), (5,17), ]
00:19:17 ASSIGN: 293, pages: [(1,6), (2,14), (3,15), (4,16), (5,17), (6,18), ]
00:19:22 DISIGN: 293, pages: [(1,6), (2,14), (3,15), (4,16), (5,17), (6,18), ]
00:19:26 ASSIGN: 294, pages: [(1,6), (2,14), (3,15), (4,16), (5,17), (6,18), (7,19), (8,20), ]
00:19:28 DISIGN: 294, pages: [(1,6), (2,14), (3,15), (4,16), (5,17), (6,18), (7,19), (8,20), ]
00:19:33 ASSIGN: 295, pages: [(1,6), (2,14), (3,15), (4,16), (5,17), (6,18), (7,19), ]
00:19:37 DISIGN: 295, pages: [(1,6), (2,14), (3,15), (4,16), (5,17), (6,18), (7,19), ]
00:19:39 ASSIGN: 296, pages: [(1,6), (2,14), (3,15), (4,16), (5,17), (6,18), ]
00:19:41 DISIGN: 296, pages: [(1,6), (2,14), (3,15), (4,16), (5,17), (6,18), ]
00:19:46 ASSIGN: 297, pages: [(1,6), (2,14), (3,15), (4,16), (5,17), ]
00:19:50 DISIGN: 297, pages: [(1,6), (2,14), (3,15), (4,16), (5,17), ]
00:19:51 ASSIGN: 298, pages: [(1,6), (2,14), (3,15), (4,16), (5,17), (6,18), ]
00:19:53 DISIGN: 298, pages: [(1,6), (2,14), (3,15), (4,16), (5,17), (6,18), ]
00:19:58 ASSIGN: 299, pages: [(1,6), (2,14), (3,15), (4,16), (5,17), ]
00:20:03 DISIGN: 299, pages: [(1,6), (2,14), (3,15), (4,16), (5,17), ]
00:20:06 ASSIGN: 300, pages: [(1,6), (2,14), (3,15), (4,16), (5,17), (6,18), (7,19), ]
00:20:10 DISIGN: 300, pages: [(1,6), (2,14), (3,15), (4,16), (5,17), (6,18), (7,19), ]
00:20:12 ASSIGN: 301, pages: [(1,6), (2,14), (3,15), (4,16), (5,17), (6,18), (7,19), (8,20), (9,21), ]
00:20:17 DISIGN: 301, pages: [(1,6), (2,14), (3,15), (4,16), (5,17), (6,18), (7,19), (8,20), (9,21), ]
00:20:18 ASSIGN: 302, pages: [(1,6), (2,14), (3,15), (4,16), (5,17), (6,18), (7,19), (8,20), ]
00:20:21 DISIGN: 302, pages: [(1,6), (2,14), (3,15), (4,16), (5,17), (6,18), (7,19), (8,20), ]
00:20:27 ASSIGN: 303, pages: [(1,6), (2,14), (3,15), (4,16), (5,17), ]
00:20:30 DISIGN: 303, pages: [(1,6), (2,14), (3,15), (4,16), (5,17), ]
00:20:34 ASSIGN: 304, pages: [(1,6), (2,14), (3,15), (4,16), (5,17), (6,18), (7,19), (8,20), (9,21), ]
00:20:37 DISIGN: 304, pages: [(1,6), (2,14), (3,15), (4,16), (5,17), (6,18), (7,19), (8,20), (9,21), ]
00:20:41 ASSIGN: 305, pages: [(1,6), (2,14), (3,15), (4,16), (5,17), (6,18), (7,19), (8,20), (9,21), ]
00:20:43 DISIGN: 305, pages: [(1,6), (2,14), (3,15), (4,16), (5,17), (6,18), (7,19), (8,20), (9,21), ]
00:20:49 ASSIGN: 306, pages: [(1,6), (2,14), (3,15), (4,16), (5,17), (6,18), ]
00:20:54 DISIGN: 306, pages: [(1,6), (2,14), (3,15), (4,16), (5,17), (6,18), ]
00:20:58 ASSIGN: 307, pages: [(1,6), (2,14), (3,15), (4,16), (5,17), (6,18), (7,19), (8,20), ]
00:21:01 DISIGN: 307, pages: [(1,6), (2,14), (3,15), (4,16), (5,17), (6,18), (7,19), (8,20), ]
00:21:04 ASSIGN: 308, pages: [(1,6), (2,14), (3,15), (4,16), (5,17), (6,18), (7,19), (8,20), ]
00:21:06 DISIGN: 308, pages: [(1,6), (2,14), (3,15), (4,16), (5,17), (6,18), (7,19), (8,20), ]
00:21:12 ASSIGN: 309, pages: [(1,6), (2,14), (3,15), (4,16), (5,17), (6,18), ]
00:21:16 DISIGN: 309, pages: [(1,6), (2,14), (3,15), (4,16), (5,17), (6,18), ]
00:21:19 ASSIGN: 310, pages: [(1,6), (2,14), (3,15), (4,16), (5,17), (6,18), (7,19), ]
00:21:24 DISIGN: 310, pages: [(1,6), (2,14), (3,15), (4,16), (5,17), (6,18), (7,19), ]
00:21:27 ASSIGN: 311, pages: [(1,6), (2,14), (3,15), (4,16), (5,17), (6,18), (7,19), (8,20), (9,21), ]
00:21:31 DISIGN: 311, pages: [(1,6), (2,14), (3,15), (4,16), (5,17), (6,18), (7,19), (8,20), (9,21), ]
00:21:34 ASSIGN: 312, pages: [(1,6), (2,14), (3,15), (4,16), (5,17), ]
00:21:39 DISIGN: 312, pages: [(1,6), (2,14), (3,15), (4,16), (5,17), ]
00:21:40 ASSIGN: 313, pages: [(1,6), (2,14), (3,15), (4,16), (5,17), (6,18), (7,19), (8,20), ]
00:21:43 DISIGN: 313, pages: [(1,6), (2,14), (3,15), (4,16), (5,17), (6,18), (7,19), (8,20), ]
00:21:49 ASSIGN: 314, pages: [(1,6), (2,14), (3,15), (4,16), (5,17), (6,18), (7,19), ]
00:21:53 DISIGN: 314, pages: [(1,6), (2,14), (3,15), (4,16), (5,17), (6,18), (7,19), ]
00:21:54 ASSIGN: 315, pages: [(1,6), (2,14), (3,15), (4,16), (5,17), (6,18), (7,19), (8,20), ]
00:21:56 DISIGN: 315, pages: [(1,6), (2,14), (3,15), (4,16), (5,17), (6,18), (7,19), (8,20), ]
00:21:59 ASSIGN: 316, pages: [(1,6), (2,14), (3,15), (4,16), (5,17), (6,18), (7,19), (8,20), ]
00:22:03 DISIGN: 316, pages: [(1,6), (2,14), (3,15), (4,16), (5,17), (6,18), (7,19), (8,20), ]
00:22:07 ASSIGN: 317, pages: [(1,6), (2,14), (3,15), (4,16), (5,17), (6,18), ]
00:22:09 DISIGN: 317, pages: [(1,6), (2,14), (3,15), (4,16), (5,17), (6,18), ]
00:22:14 ASSIGN: 318, pages: [(1,6), (2,14), (3,15), (4,16), (5,17), ]
00:22:17 DISIGN: 318, pages: [(1,6), (2,14), (3,15), (4,16), (5,17), ]
00:22:20 ASSIGN: 319, pages: [(1,6), (2,14), (3,15), (4,16), (5,17), (6,18), ]
00:22:24 DISIGN: 319, pages: [(1,6), (2,14), (3,15), (4,16), (5,17), (6,18), ]
00:22:26 ASSIGN: 320, pages: [(1,6), (2,14), (3,15), (4,16), (5,17), (6,18), (7,19), ]
00:22:28 DISIGN: 320, pages: [(1,6), (2,14), (3,15), (4,16), (5,17), (6,18), (7,19), ]
00:22:33 ASSIGN: 321, pages: [(1,6), (2,14), (3,15), (4,16), (5,17), (6,18), (7,19), (8,20), (9,21), ]
00:22:36 DISIGN: 321, pages: [(1,6), (2,14), (3,15), (4,16), (5,17), (6,18), (7,19), (8,20), (9,21), ]
00:22:41 ASSIGN: 322, pages: [(1,6), (2,14), (3,15), (4,16), (5,17), (6,18), (7,19), ]
00:22:46 DISIGN: 322, pages: [(1,6), (2,14), (3,15), (4,16), (5,17), (6,18), (7,19), ]
00:22:47 ASSIGN: 323, pages: [(1,6), (2,14), (3,15), (4,16), (5,17), (6,18), ]
00:22:52 DISIGN: 323, pages: [(1,6), (2,14), (3,15), (4,16), (5,17), (6,18), ]
00:22:55 ASSIGN: 324, pages: [(1,6), (2,14), (3,15), (4,16), (5,17), (6,18), (7,19), (8,20), ]
00:22:57 DISIGN: 324, pages: [(1,6), (2,14), (3,15), (4,16), (5,17), (6,18), (7,19), (8,20), ]
00:23:01 ASSIGN: 325, pages: [(1,6), (2,14), (3,15), (4,16), (5,17), (6,18), (7,19), (8,20), ]
00:23:05 DISIGN: 325, pages: [(1,6), (2,14), (3,15), (4,16), (5,17), (6,18), (7,19), (8,20), ]
00:23:10 ASSIGN: 326, pages: [(1,6), (2,14), (3,15), (4,16), (5,17), (6,18), (7,19), (8,20), ]
00:23:12 DISIGN: 326, pages: [(1,6), (2,14), (3,15), (4,16), (5,17), (6,18), (7,19), (8,20), ]
00:23:17 ASSIGN: 327, pages: [(1,6), (2,14), (3,15), (4,16), (5,17), (6,18), (7,19), (8,20), (9,21), ]
00:23:21 DISIGN: 327, pages: [(1,6), (2,14), (3,15), (4,16), (5,17), (6,18), (7,19), (8,20), (9,21), ]
00:23:24 ASSIGN: 328, pages: [(1,6), (2,14), (3,15), (4,16), (5,17), (6,18), (7,19), (8,20), (9,21), ]
00:23:28 DISIGN: 328, pages: [(1,6), (2,14), (3,15), (4,16), (5,17), (6,18), (7,19), (8,20), (9,21), ]
00:23:30 ASSIGN: 329, pages: [(1,6), (2,14), (3,15), (4,16), (5,17), (6,18), (7,19), (8,20), ]
00:23:34 DISIGN: 329, pages: [(1,6), (2,14), (3,15), (4,16), (5,17), (6,18), (7,19), (8,20), ]
00:23:39 ASSIGN: 330, pages: [(1,6), (2,14), (3,15), (4,16), (5,17), (6,18), (7,19), ]
00:23:41 DISIGN: 330, pages: [(1,6), (2,14), (3,15), (4,16), (5,17), (6,18), (7,19), ]
00:23:46 ASSIGN: 331, pages: [(1,6), (2,14), (3,15), (4,16), (5,17), ]
00:23:51 DISIGN: 331, pages: [(1,6), (2,14), (3,15), (4,16), (5,17), ]
00:23:53 ASSIGN: 332, pages: [(1,6), (2,14), (3,15), (4,16), (5,17), (6,18), ]
00:23:56 DISIGN: 332, pages: [(1,6), (2,14), (3,15), (4,16), (5,17), (6,18), ]
00:23:59 ASSIGN: 333, pages: [(1,6), (2,14), (3,15), (4,16), (5,17), (6,18), (7,19), (8,20), ]
00:24:04 DISIGN: 333, pages: [(1,6), (2,14), (3,15), (4,16), (5,17), (6,18), (7,19), (8,20), ]
00:24:07 ASSIGN: 334, pages: [(1,6), (2,14), (3,15), (4,16), (5,17), (6,18), ]
00:24:10 DISIGN: 334, pages: [(1,6), (2,14), (3,15), (4,16), (5,17), (6,18), ]
00:24:12 ASSIGN: 335, pages: [(1,6), (2,14), (3,15), (4,16), (5,17), (6,18), (7,19), (8,20), (9,21), ]
00:24:15 DISIGN: 335, pages: [(1,6), (2,14), (3,15), (4,16), (5,17), (6,18), (7,19), (8,20), (9,21), ]
00:24:20 ASSIGN: 336, pages: [(1,6), (2,14), (3,15), (4,16), (5,17), (6,18), ]
00:24:24 DISIGN: 336, pages: [(1,6), (2,14), (3,15), (4,16), (5,17), (6,18), ]
00:24:26 ASSIGN: 337, pages: [(1,6), (2,14), (3,15), (4,16), (5,17), (6,18), (7,19), (8,20), ]
00:24:29 DISIGN: 337, pages: [(1,6), (2,14), (3,15), (4,16), (5,17), (6,18), (7,19), (8,20), ]
00:24:35 ASSIGN: 338, pages: [(1,6), (2,14), (3,15), (4,16), (5,17), (6,18), (7,19), ]
00:24:38 DISIGN: 338, pages: [(1,6), (2,14), (3,15), (4,16), (5,17), (6,18), (7,19), ]
00:24:43 ASSIGN: 339, pages: [(1,6), (2,14), (3,15), (4,16), (5,17), (6,18), (7,19), ]
00:24:45 DISIGN: 339, pages: [(1,6), (2,14), (3,15), (4,16), (5,17), (6,18), (7,19), ]
00:24:50 ASSIGN: 340, pages: [(1,6), (2,14), (3,15), (4,16), (5,17), ]
00:24:53 DISIGN: 340, pages: [(1,6), (2,14), (3,15), (4,16), (5,17), ]
00:24:57 ASSIGN: 341, pages: [(1,6), (2,14), (3,15), (4,16), (5,17), (6,18), (7,19), (8,20), (9,21), ]
00:25:00 DISIGN: 341, pages: [(1,6), (2,14), (3,15), (4,16), (5,17), (6,18), (7,19), (8,20), (9,21), ]
00:25:03 ASSIGN: 342, pages: [(1,6), (2,14), (3,15), (4,16), (5,17), (6,18), ]
00:25:08 DISIGN: 342, pages: [(1,6), (2,14), (3,15), (4,16), (5,17), (6,18), ]
00:25:10 ASSIGN: 343, pages: [(1,6), (2,14), (3,15), (4,16), (5,17), (6,18), ]
00:25:14 DISIGN: 343, pages: [(1,6), (2,14), (3,15), (4,16), (5,17), (6,18), ]
00:25:18 ASSIGN: 344, pages: [(1,6), (2,14), (3,15), (4,16), (5,17), (6,18), (7,19), (8,20), (9,21), ]
00:25:23 DISIGN: 344, pages: [(1,6), (2,14), (3,15), (4,16), (5,17), (6,18), (7,19), (8,20), (9,21), ]
00:25:27 ASSIGN: 345, pages: [(1,6), (2,14), (3,15), (4,16), (5,17), (6,18), ]
00:25:31 DISIGN: 345, pages: [(1,6), (2,14), (3,15), (4,16), (5,17), (6,18), ]
00:25:34 ASSIGN: 346, pages: [(1,6), (2,14), (3,15), (4,16), (5,17), ]
00:25:38 DISIGN: 346, pages: [(1,6), (2,14), (3,15), (4,16), (5,17), ]
00:25:43 ASSIGN: 347, pages: [(1,6), (2,14), (3,15), (4,16), (5,17), (6,18), (7,19), ]
00:25:46 DISIGN: 347, pages: [(1,6), (2,14), (3,15), (4,16), (5,17), (6,18), (7,19), ]
00:25:52 ASSIGN: 348, pages: [(1,6), (2,14), (3,15), (4,16), (5,17), (6,18), ]
00:25:56 DISIGN: 348, pages: [(1,6), (2,14), (3,15), (4,16), (5,17), (6,18), ]
00:25:59 ASSIGN: 349, pages: [(1,6), (2,14), (3,15), (4,16), (5,17), (6,18), ]
00:26:04 DISIGN: 349, pages: [(1,6), (2,14), (3,15), (4,16), (5,17), (6,18), ]
00:26:08 ASSIGN: 350, pages: [(1,6), (2,14), (3,15), (4,16), (5,17), ]
00:26:13 DISIGN: 350, pages: [(1,6), (2,14), (3,15), (4,16), (5,17), ]
00:26:15 ASSIGN: 351, pages: [(1,6), (2,14), (3,15), (4,16), (5,17), (6,18), ]
00:26:18 DISIGN: 351, pages: [(1,6), (2,14), (3,15), (4,16), (5,17), (6,18), ]
00:26:23 ASSIGN: 352, pages: [(1,6), (2,14), (3,15), (4,16), (5,17), (6,18), (7,19), (8,20), ]
00:26:26 DISIGN: 352, pages: [(1,6), (2,14), (3,15), (4,16), (5,17), (6,18), (7,19), (8,20), ]
00:26:30 ASSIGN: 353, pages: [(1,6), (2,14), (3,15), (4,16), (5,17), ]
00:26:34 DISIGN: 353, pages: [(1,6), (2,14), (3,15), (4,16), (5,17), ]
00:26:39 ASSIGN: 354, pages: [(1,6), (2,14), (3,15), (4,16), (5,17), (6,18), ]
00:26:43 DISIGN: 354, pages: [(1,6), (2,14), (3,15), (4,16), (5,17), (6,18), ]
00:26:45 ASSIGN: 355, pages: [(1,6), (2,14), (3,15), (4,16), (5,17), (6,18), (7,19), (8,20), ]
00:26:50 ASSIGN: 356, pages: [(1,21), (2,22), (3,23), (4,24), (5,25), (6,26), (7,27), ]
00:26:50 DISIGN: 355, pages: [(1,6), (2,14), (3,15), (4,16), (5,17), (6,18), (7,19), (8,20), ]
00:26:52 DISIGN: 356, pages: [(1,21), (2,22), (3,23), (4,24), (5,25), (6,26), (7,27), ]
00:26:59 ASSIGN: 357, pages: [(1,6), (2,14), (3,15), (4,16), (5,17), (6,18), ]
00:27:04 DISIGN: 357, pages: [(1,6), (2,14), (3,15), (4,16), (5,17), (6,18), ]
00:27:07 ASSIGN: 358, pages: [(1,6), (2,14), (3,15), (4,16), (5,17), (6,18), (7,19), (8,20), (9,21), ]
00:27:09 DISIGN: 358, pages: [(1,6), (2,14), (3,15), (4,16), (5,17), (6,18), (7,19), (8,20), (9,21), ]
