21:33:53 ASSIGN: 1, start: 17, lenght: 8
21:33:55 ASSIGN: 2, start: 14, lenght: 8
21:33:57 ASSIGN: 3, start: 32, lenght: 6
21:33:58 DISIGN: 1
21:33:59 ASSIGN: 4, start: 17, lenght: 5
21:34:0121:34:01 DISIGN: 2
 ASSIGN: 5, start: 55, lenght: 7
21:34:02 DISIGN: 3
21:34:03 ASSIGN: 6, start: 12, lenght: 9
21:34:05 ASSIGN: 7, start: -1, lenght: 7
21:34:06 DISIGN: 4
21:34:07 DISIGN: 5
21:34:07 ASSIGN: 8, start: -1, lenght: 9
21:34:09 DISIGN: 6
21:34:09 ASSIGN: 9, start: 12, lenght: 8
21:34:11 ASSIGN: 10, start: 55, lenght: 8
21:34:1321:34:13 DISIGN: 9
 ASSIGN: 11, start: -1, lenght: 9
21:34:15 ASSIGN: 12, start: 12, lenght: 6
21:34:16 DISIGN: 10
21:34:17 ASSIGN: 13, start: 18, lenght: 6
21:34:19 ASSIGN: 14, start: 55, lenght: 7
21:34:20 DISIGN: 12
21:34:21 ASSIGN: 15, start: 12, lenght: 5
21:34:22 DISIGN: 14
21:34:23 ASSIGN: 16, start: -1, lenght: 9
21:34:23 DISIGN: 13
21:34:25 ASSIGN: 17, start: 17, lenght: 8
21:34:25 DISIGN: 15
21:34:27 ASSIGN: 18, start: 12, lenght: 5
21:34:28 DISIGN: 17
21:34:29 ASSIGN: 19, start: 17, lenght: 9
21:34:31 ASSIGN: 20, start: 32, lenght: 5
21:34:32 DISIGN: 18
21:34:32 DISIGN: 19
21:34:33 ASSIGN: 21, start: 0, lenght: 5
21:34:34 DISIGN: 20
21:34:35 ASSIGN: 22, start: 7, lenght: 6
21:34:37 DISIGN: 21
21:34:37 ASSIGN: 23, start: 32, lenght: 6
21:34:39 DISIGN: 22
21:34:39 ASSIGN: 24, start: 0, lenght: 5
21:34:41 ASSIGN: 25, start: -1, lenght: 9
21:34:42 DISIGN: 23
21:34:42 DISIGN: 24
21:34:43 ASSIGN: 26, start: -1, lenght: 9
21:34:45 ASSIGN: 27, start: 55, lenght: 7
21:34:47 ASSIGN: 28, start: -1, lenght: 9
21:34:49 ASSIGN: 29, start: -1, lenght: 7
21:34:51 ASSIGN: 30, start: -1, lenght: 9
21:34:52 DISIGN: 27
21:34:53 ASSIGN: 31, start: 55, lenght: 7
21:34:55 ASSIGN: 32, start: 0, lenght: 5
21:34:57 ASSIGN: 33, start: -1, lenght: 8
21:34:58 DISIGN: 32
21:34:58 DISIGN: 31
21:34:59 ASSIGN: 34, start: 55, lenght: 8
21:35:01 ASSIGN: 35, start: -1, lenght: 7
21:35:02 DISIGN: 34
21:35:03 ASSIGN: 36, start: 0, lenght: 5
21:35:05 ASSIGN: 37, start: 7, lenght: 6
21:35:06 DISIGN: 36
21:35:07 ASSIGN: 38, start: 55, lenght: 7
21:35:09 ASSIGN: 39, start: -1, lenght: 8
21:35:1121:35:11 DISIGN: 38
 ASSIGN: 40, start: 32, lenght: 6
21:35:11 DISIGN: 37
21:35:13 ASSIGN: 41, start: 55, lenght: 8
21:35:14 DISIGN: 40
21:35:15 ASSIGN: 42, start: -1, lenght: 9
21:35:17 ASSIGN: 43, start: -1, lenght: 9
21:35:19 DISIGN: 41
21:35:19 ASSIGN: 44, start: 7, lenght: 6
21:35:21 ASSIGN: 45, start: 55, lenght: 7
21:35:23 ASSIGN: 46, start: 32, lenght: 6
21:35:25 ASSIGN: 47, start: -1, lenght: 821:35:25 DISIGN: 45

21:35:25 DISIGN: 44
21:35:27 ASSIGN: 48, start: 55, lenght: 8
21:35:28 DISIGN: 46
21:35:29 ASSIGN: 49, start: -1, lenght: 8
21:35:31 DISIGN: 48
21:35:31 ASSIGN: 50, start: 55, lenght: 7
21:35:33 ASSIGN: 51, start: 0, lenght: 5
21:35:35 ASSIGN: 52, start: 7, lenght: 5
21:35:36 DISIGN: 51
21:35:37 DISIGN: 50
21:35:37 ASSIGN: 53, start: 32, lenght: 6
21:35:39 ASSIGN: 54, start: 55, lenght: 7
21:35:40 DISIGN: 52
21:35:41 ASSIGN: 55, start: -1, lenght: 8
21:35:41 DISIGN: 53
21:35:43 ASSIGN: 56, start: -1, lenght: 9
21:35:45 DISIGN: 54
21:35:45 ASSIGN: 57, start: 55, lenght: 8
21:35:47 ASSIGN: 58, start: -1, lenght: 8
21:35:49 ASSIGN: 59, start: 7, lenght: 6
21:35:51 ASSIGN: 60, start: 32, lenght: 6
21:35:51 DISIGN: 57
21:35:53 ASSIGN: 61, start: -1, lenght: 9
21:35:55 DISIGN: 60
21:35:55 ASSIGN: 62, start: 0, lenght: 5
21:35:55 DISIGN: 59
21:35:57 ASSIGN: 63, start: 7, lenght: 5
21:35:59 ASSIGN: 64, start: 32, lenght: 5
21:36:00 DISIGN: 62
21:36:01 ASSIGN: 65, start: 0, lenght: 5
21:36:02 DISIGN: 64
21:36:02 DISIGN: 63
21:36:03 ASSIGN: 66, start: 7, lenght: 6
21:36:05 ASSIGN: 67, start: 32, lenght: 6
21:36:07 ASSIGN: 68, start: 55, lenght: 8
21:36:07 DISIGN: 65
21:36:0821:36:08 DISIGN: 67
 DISIGN: 